#
# There is insufficient memory for the Java Runtime Environment to continue.
# Native memory allocation (malloc) failed to allocate 1023936 bytes for Chunk::new
# Possible reasons:
#   The system is out of physical RAM or swap space
#   The process is running with CompressedOops enabled, and the Java Heap may be blocking the growth of the native heap
# Possible solutions:
#   Reduce memory load on the system
#   Increase physical memory or swap space
#   Check if swap backing store is full
#   Decrease Java heap size (-Xmx/-Xms)
#   Decrease number of Java threads
#   Decrease Java thread stack sizes (-Xss)
#   Set larger code cache with -XX:ReservedCodeCacheSize=
#   JVM is running with Zero Based Compressed Oops mode in which the Java heap is
#     placed in the first 32GB address space. The Java Heap base address is the
#     maximum limit for the native heap growth. Please use -XX:HeapBaseMinAddress
#     to set the Java Heap base and to place the Java Heap above 32GB virtual address.
# This output file may be truncated or incomplete.
#
#  Out of Memory Error (arena.cpp:189), pid=24088, tid=17544
#
# JRE version: OpenJDK Runtime Environment Temurin-17.0.6+10 (17.0.6+10) (build 17.0.6+10)
# Java VM: OpenJDK 64-Bit Server VM Temurin-17.0.6+10 (17.0.6+10, mixed mode, tiered, compressed oops, compressed class ptrs, g1 gc, windows-amd64)
# No core dump will be written. Minidumps are not enabled by default on client versions of Windows
#

---------------  S U M M A R Y ------------

Command Line: -Dmaven.home=EMBEDDED -Dclassworlds.conf=C:\Users\Shobusen\OneDrive\Documents\Workspace\.metadata\.plugins\org.eclipse.m2e.launching\launches\m2conf6328701571775272460.tmp -Dmaven.multiModuleProjectDirectory=C:\Users\Shobusen\OneDrive\Documents\Codebase\springboot-crud-h2 -Dm2e.build.project.data.socket.port=50301 -Dfile.encoding=UTF-8 -XX:+ShowCodeDetailsInExceptionMessages org.codehaus.plexus.classworlds.launcher.Launcher -B -Dstyle.color=always clean install

Host: 11th Gen Intel(R) Core(TM) i5-1135G7 @ 2.40GHz, 8 cores, 15G,  Windows 11 , 64 bit Build 22621 (10.0.22621.2428)
Time: Sat Oct 21 22:50:17 2023 India Standard Time elapsed time: 4.568441 seconds (0d 0h 0m 4s)

---------------  T H R E A D  ---------------

Current thread (0x0000020bbaf21b30):  JavaThread "C2 CompilerThread2" daemon [_thread_in_native, id=17544, stack(0x000000d21d700000,0x000000d21d800000)]


Current CompileTask:
C2:   4568 6147   !   4       java.lang.ClassLoader::loadClass (121 bytes)

Stack: [0x000000d21d700000,0x000000d21d800000]
Native frames: (J=compiled Java code, j=interpreted, Vv=VM code, C=native code)
V  [jvm.dll+0x67741a]
V  [jvm.dll+0x834434]
V  [jvm.dll+0x835bde]
V  [jvm.dll+0x836243]
V  [jvm.dll+0x2457b5]
V  [jvm.dll+0xabafc]
V  [jvm.dll+0xac0cc]
V  [jvm.dll+0x2ac94f]
V  [jvm.dll+0x57de47]
V  [jvm.dll+0x220812]
V  [jvm.dll+0x219caf]
V  [jvm.dll+0x21790b]
V  [jvm.dll+0x1a3d0d]
V  [jvm.dll+0x22742a]
V  [jvm.dll+0x225565]
V  [jvm.dll+0x7ea2cb]
V  [jvm.dll+0x7e483a]
V  [jvm.dll+0x6762c5]
C  [ucrtbase.dll+0x29363]
C  [KERNEL32.DLL+0x1257d]
C  [ntdll.dll+0x5aa78]


---------------  P R O C E S S  ---------------

Threads class SMR info:
_java_thread_list=0x0000020bbdaea510, length=20, elements={
0x0000020b99bf74d0, 0x0000020bb9033920, 0x0000020bb90344d0, 0x0000020bb908e010,
0x0000020bb90906e0, 0x0000020bb90912a0, 0x0000020bb90970d0, 0x0000020bb90a0940,
0x0000020bb90accc0, 0x0000020bb90ae6b0, 0x0000020bb90940b0, 0x0000020bb90975a0,
0x0000020bb99c8aa0, 0x0000020bbaf21b30, 0x0000020bb9095d90, 0x0000020bb9097a70,
0x0000020bb9094580, 0x0000020bb9094a50, 0x0000020bb9094f20, 0x0000020bb90953f0
}

Java Threads: ( => current thread )
  0x0000020b99bf74d0 JavaThread "main" [_thread_in_native, id=12832, stack(0x000000d21bb00000,0x000000d21bc00000)]
  0x0000020bb9033920 JavaThread "Reference Handler" daemon [_thread_blocked, id=8508, stack(0x000000d21c200000,0x000000d21c300000)]
  0x0000020bb90344d0 JavaThread "Finalizer" daemon [_thread_blocked, id=23592, stack(0x000000d21c300000,0x000000d21c400000)]
  0x0000020bb908e010 JavaThread "Signal Dispatcher" daemon [_thread_blocked, id=7568, stack(0x000000d21c400000,0x000000d21c500000)]
  0x0000020bb90906e0 JavaThread "Attach Listener" daemon [_thread_blocked, id=2756, stack(0x000000d21c500000,0x000000d21c600000)]
  0x0000020bb90912a0 JavaThread "Service Thread" daemon [_thread_blocked, id=12292, stack(0x000000d21c600000,0x000000d21c700000)]
  0x0000020bb90970d0 JavaThread "Monitor Deflation Thread" daemon [_thread_blocked, id=8336, stack(0x000000d21c700000,0x000000d21c800000)]
  0x0000020bb90a0940 JavaThread "C2 CompilerThread0" daemon [_thread_blocked, id=20012, stack(0x000000d21c800000,0x000000d21c900000)]
  0x0000020bb90accc0 JavaThread "C1 CompilerThread0" daemon [_thread_blocked, id=21856, stack(0x000000d21c900000,0x000000d21ca00000)]
  0x0000020bb90ae6b0 JavaThread "Sweeper thread" daemon [_thread_blocked, id=24272, stack(0x000000d21ca00000,0x000000d21cb00000)]
  0x0000020bb90940b0 JavaThread "Notification Thread" daemon [_thread_blocked, id=24620, stack(0x000000d21cb00000,0x000000d21cc00000)]
  0x0000020bb90975a0 JavaThread "Common-Cleaner" daemon [_thread_blocked, id=17980, stack(0x000000d21cd00000,0x000000d21ce00000)]
  0x0000020bb99c8aa0 JavaThread "C2 CompilerThread1" daemon [_thread_blocked, id=24988, stack(0x000000d21ce00000,0x000000d21cf00000)]
=>0x0000020bbaf21b30 JavaThread "C2 CompilerThread2" daemon [_thread_in_native, id=17544, stack(0x000000d21d700000,0x000000d21d800000)]
  0x0000020bb9095d90 JavaThread "timeout-check-timer" daemon [_thread_blocked, id=23820, stack(0x000000d21d900000,0x000000d21da00000)]
  0x0000020bb9097a70 JavaThread "ping-timer-10s" daemon [_thread_blocked, id=24368, stack(0x000000d21da00000,0x000000d21db00000)]
  0x0000020bb9094580 JavaThread "ThreadedStreamConsumer" daemon [_thread_blocked, id=2628, stack(0x000000d21db00000,0x000000d21dc00000)]
  0x0000020bb9094a50 JavaThread "fork-1-err-thread" daemon [_thread_in_native, id=24996, stack(0x000000d21dc00000,0x000000d21dd00000)]
  0x0000020bb9094f20 JavaThread "commands-fork-1" daemon [_thread_blocked, id=18408, stack(0x000000d21dd00000,0x000000d21de00000)]
  0x0000020bb90953f0 JavaThread "fork-1-event-thread" daemon [_thread_in_native, id=24796, stack(0x000000d21de00000,0x000000d21df00000)]

Other Threads:
  0x0000020bb8689800 VMThread "VM Thread" [stack: 0x000000d21c100000,0x000000d21c200000] [id=2072]
  0x0000020bb9213450 WatcherThread [stack: 0x000000d21cc00000,0x000000d21cd00000] [id=24324]
  0x0000020b99c6bd80 GCTaskThread "GC Thread#0" [stack: 0x000000d21bc00000,0x000000d21bd00000] [id=12892]
  0x0000020bb98c3000 GCTaskThread "GC Thread#1" [stack: 0x000000d21d000000,0x000000d21d100000] [id=24404]
  0x0000020bb92f7270 GCTaskThread "GC Thread#2" [stack: 0x000000d21d100000,0x000000d21d200000] [id=9664]
  0x0000020bb9bcdba0 GCTaskThread "GC Thread#3" [stack: 0x000000d21d200000,0x000000d21d300000] [id=1768]
  0x0000020bb9bcde50 GCTaskThread "GC Thread#4" [stack: 0x000000d21d300000,0x000000d21d400000] [id=13368]
  0x0000020bb9bce100 GCTaskThread "GC Thread#5" [stack: 0x000000d21d400000,0x000000d21d500000] [id=6624]
  0x0000020bba7fdc50 GCTaskThread "GC Thread#6" [stack: 0x000000d21d500000,0x000000d21d600000] [id=17728]
  0x0000020bba48d3b0 GCTaskThread "GC Thread#7" [stack: 0x000000d21d600000,0x000000d21d700000] [id=24048]
  0x0000020b99c7cf90 ConcurrentGCThread "G1 Main Marker" [stack: 0x000000d21bd00000,0x000000d21be00000] [id=24540]
  0x0000020b99c7d840 ConcurrentGCThread "G1 Conc#0" [stack: 0x000000d21be00000,0x000000d21bf00000] [id=8204]
  0x0000020bba8be850 ConcurrentGCThread "G1 Conc#1" [stack: 0x000000d21cf00000,0x000000d21d000000] [id=1732]
  0x0000020b99cbe3a0 ConcurrentGCThread "G1 Refine#0" [stack: 0x000000d21bf00000,0x000000d21c000000] [id=15452]
  0x0000020bbad09800 ConcurrentGCThread "G1 Refine#1" [stack: 0x000000d21d800000,0x000000d21d900000] [id=12684]
  0x0000020b99cbec60 ConcurrentGCThread "G1 Service" [stack: 0x000000d21c000000,0x000000d21c100000] [id=11812]

Threads with active compile tasks:
C2 CompilerThread2     4579 6147   !   4       java.lang.ClassLoader::loadClass (121 bytes)

VM state: not at safepoint (normal execution)

VM Mutex/Monitor currently owned by a thread: None

Heap address: 0x0000000703600000, size: 4042 MB, Compressed Oops mode: Zero based, Oop shift amount: 3

CDS archive(s) not mapped
Compressed class space mapped at: 0x0000000800000000-0x0000000840000000, reserved size: 1073741824
Narrow klass base: 0x0000000800000000, Narrow klass shift: 0, Narrow klass range: 0x40000000

GC Precious Log:
 CPUs: 8 total, 8 available
 Memory: 16167M
 Large Page Support: Disabled
 NUMA Support: Disabled
 Compressed Oops: Enabled (Zero based)
 Heap Region Size: 2M
 Heap Min Capacity: 8M
 Heap Initial Capacity: 254M
 Heap Max Capacity: 4042M
 Pre-touch: Disabled
 Parallel Workers: 8
 Concurrent Workers: 2
 Concurrent Refinement Workers: 8
 Periodic GC: Disabled

Heap:
 garbage-first heap   total 262144K, used 79923K [0x0000000703600000, 0x0000000800000000)
  region size 2048K, 15 young (30720K), 1 survivors (2048K)
 Metaspace       used 40523K, committed 40896K, reserved 1089536K
  class space    used 4313K, committed 4480K, reserved 1048576K

Heap Regions: E=young(eden), S=young(survivor), O=old, HS=humongous(starts), HC=humongous(continues), CS=collection set, F=free, OA=open archive, CA=closed archive, TAMS=top-at-mark-start (previous, next)
|   0|0x0000000703600000, 0x0000000703800000, 0x0000000703800000|100%| O|  |TAMS 0x0000000703800000, 0x0000000703600000| Untracked 
|   1|0x0000000703800000, 0x0000000703a00000, 0x0000000703a00000|100%| O|  |TAMS 0x0000000703a00000, 0x0000000703800000| Untracked 
|   2|0x0000000703a00000, 0x0000000703c00000, 0x0000000703c00000|100%|HS|  |TAMS 0x0000000703a00000, 0x0000000703a00000| Complete 
|   3|0x0000000703c00000, 0x0000000703e00000, 0x0000000703e00000|100%| O|  |TAMS 0x0000000703e00000, 0x0000000703c00000| Untracked 
|   4|0x0000000703e00000, 0x0000000704000000, 0x0000000704000000|100%| O|  |TAMS 0x0000000704000000, 0x0000000703e00000| Untracked 
|   5|0x0000000704000000, 0x0000000704200000, 0x0000000704200000|100%|HS|  |TAMS 0x0000000704200000, 0x0000000704000000| Complete 
|   6|0x0000000704200000, 0x0000000704400000, 0x0000000704400000|100%| O|  |TAMS 0x0000000704200000, 0x0000000704200000| Untracked 
|   7|0x0000000704400000, 0x0000000704600000, 0x0000000704600000|100%| O|  |TAMS 0x0000000704400000, 0x0000000704400000| Untracked 
|   8|0x0000000704600000, 0x0000000704800000, 0x0000000704800000|100%| O|  |TAMS 0x0000000704800000, 0x0000000704600000| Untracked 
|   9|0x0000000704800000, 0x0000000704a00000, 0x0000000704a00000|100%| O|  |TAMS 0x0000000704800000, 0x0000000704800000| Untracked 
|  10|0x0000000704a00000, 0x0000000704c00000, 0x0000000704c00000|100%| O|  |TAMS 0x0000000704a00000, 0x0000000704a00000| Untracked 
|  11|0x0000000704c00000, 0x0000000704e00000, 0x0000000704e00000|100%| O|  |TAMS 0x0000000704c00000, 0x0000000704c00000| Untracked 
|  12|0x0000000704e00000, 0x0000000704e00000, 0x0000000705000000|  0%| F|  |TAMS 0x0000000704e00000, 0x0000000704e00000| Untracked 
|  13|0x0000000705000000, 0x0000000705200000, 0x0000000705200000|100%| O|  |TAMS 0x0000000705000000, 0x0000000705000000| Untracked 
|  14|0x0000000705200000, 0x0000000705400000, 0x0000000705400000|100%| O|  |TAMS 0x0000000705200000, 0x0000000705200000| Untracked 
|  15|0x0000000705400000, 0x0000000705600000, 0x0000000705600000|100%| O|  |TAMS 0x0000000705400000, 0x0000000705400000| Untracked 
|  16|0x0000000705600000, 0x0000000705800000, 0x0000000705800000|100%| O|  |TAMS 0x0000000705600000, 0x0000000705600000| Untracked 
|  17|0x0000000705800000, 0x0000000705a00000, 0x0000000705a00000|100%| O|  |TAMS 0x0000000705800000, 0x0000000705800000| Untracked 
|  18|0x0000000705a00000, 0x0000000705c00000, 0x0000000705c00000|100%| O|  |TAMS 0x0000000705a00000, 0x0000000705a00000| Untracked 
|  19|0x0000000705c00000, 0x0000000705e00000, 0x0000000705e00000|100%| O|  |TAMS 0x0000000705c00000, 0x0000000705c00000| Untracked 
|  20|0x0000000705e00000, 0x0000000706000000, 0x0000000706000000|100%| O|  |TAMS 0x0000000705e00000, 0x0000000705e00000| Untracked 
|  21|0x0000000706000000, 0x0000000706000000, 0x0000000706200000|  0%| F|  |TAMS 0x0000000706000000, 0x0000000706000000| Untracked 
|  22|0x0000000706200000, 0x0000000706200000, 0x0000000706400000|  0%| F|  |TAMS 0x0000000706200000, 0x0000000706200000| Untracked 
|  23|0x0000000706400000, 0x0000000706400000, 0x0000000706600000|  0%| F|  |TAMS 0x0000000706400000, 0x0000000706400000| Untracked 
|  24|0x0000000706600000, 0x0000000706600000, 0x0000000706800000|  0%| F|  |TAMS 0x0000000706600000, 0x0000000706600000| Untracked 
|  25|0x0000000706800000, 0x0000000706800000, 0x0000000706a00000|  0%| F|  |TAMS 0x0000000706800000, 0x0000000706800000| Untracked 
|  26|0x0000000706a00000, 0x0000000706c00000, 0x0000000706c00000|100%| O|  |TAMS 0x0000000706a00000, 0x0000000706a00000| Untracked 
|  27|0x0000000706c00000, 0x0000000706e00000, 0x0000000706e00000|100%| O|  |TAMS 0x0000000706c00000, 0x0000000706c00000| Untracked 
|  28|0x0000000706e00000, 0x0000000707000000, 0x0000000707000000|100%| O|  |TAMS 0x0000000706e00000, 0x0000000706e00000| Untracked 
|  29|0x0000000707000000, 0x0000000707200000, 0x0000000707200000|100%| O|  |TAMS 0x0000000707000000, 0x0000000707000000| Untracked 
|  30|0x0000000707200000, 0x0000000707400000, 0x0000000707400000|100%| O|  |TAMS 0x0000000707200000, 0x0000000707200000| Untracked 
|  31|0x0000000707400000, 0x00000007074b7c00, 0x0000000707600000| 35%| O|  |TAMS 0x0000000707400000, 0x0000000707400000| Untracked 
|  32|0x0000000707600000, 0x0000000707600000, 0x0000000707800000|  0%| F|  |TAMS 0x0000000707600000, 0x0000000707600000| Untracked 
|  33|0x0000000707800000, 0x0000000707800000, 0x0000000707a00000|  0%| F|  |TAMS 0x0000000707800000, 0x0000000707800000| Untracked 
|  34|0x0000000707a00000, 0x0000000707a00000, 0x0000000707c00000|  0%| F|  |TAMS 0x0000000707a00000, 0x0000000707a00000| Untracked 
|  35|0x0000000707c00000, 0x0000000707c00000, 0x0000000707e00000|  0%| F|  |TAMS 0x0000000707c00000, 0x0000000707c00000| Untracked 
|  36|0x0000000707e00000, 0x0000000707e00000, 0x0000000708000000|  0%| F|  |TAMS 0x0000000707e00000, 0x0000000707e00000| Untracked 
|  37|0x0000000708000000, 0x0000000708000000, 0x0000000708200000|  0%| F|  |TAMS 0x0000000708000000, 0x0000000708000000| Untracked 
|  38|0x0000000708200000, 0x0000000708200000, 0x0000000708400000|  0%| F|  |TAMS 0x0000000708200000, 0x0000000708200000| Untracked 
|  39|0x0000000708400000, 0x0000000708400000, 0x0000000708600000|  0%| F|  |TAMS 0x0000000708400000, 0x0000000708400000| Untracked 
|  40|0x0000000708600000, 0x0000000708600000, 0x0000000708800000|  0%| F|  |TAMS 0x0000000708600000, 0x0000000708600000| Untracked 
|  41|0x0000000708800000, 0x0000000708800000, 0x0000000708a00000|  0%| F|  |TAMS 0x0000000708800000, 0x0000000708800000| Untracked 
|  42|0x0000000708a00000, 0x0000000708b55310, 0x0000000708c00000| 66%| S|CS|TAMS 0x0000000708a00000, 0x0000000708a00000| Complete 
|  43|0x0000000708c00000, 0x0000000708c00000, 0x0000000708e00000|  0%| F|  |TAMS 0x0000000708c00000, 0x0000000708c00000| Untracked 
|  44|0x0000000708e00000, 0x0000000708e00000, 0x0000000709000000|  0%| F|  |TAMS 0x0000000708e00000, 0x0000000708e00000| Untracked 
|  45|0x0000000709000000, 0x0000000709000000, 0x0000000709200000|  0%| F|  |TAMS 0x0000000709000000, 0x0000000709000000| Untracked 
|  46|0x0000000709200000, 0x0000000709200000, 0x0000000709400000|  0%| F|  |TAMS 0x0000000709200000, 0x0000000709200000| Untracked 
|  47|0x0000000709400000, 0x0000000709400000, 0x0000000709600000|  0%| F|  |TAMS 0x0000000709400000, 0x0000000709400000| Untracked 
|  48|0x0000000709600000, 0x0000000709600000, 0x0000000709800000|  0%| F|  |TAMS 0x0000000709600000, 0x0000000709600000| Untracked 
|  49|0x0000000709800000, 0x0000000709800000, 0x0000000709a00000|  0%| F|  |TAMS 0x0000000709800000, 0x0000000709800000| Untracked 
|  50|0x0000000709a00000, 0x0000000709a00000, 0x0000000709c00000|  0%| F|  |TAMS 0x0000000709a00000, 0x0000000709a00000| Untracked 
|  51|0x0000000709c00000, 0x0000000709c00000, 0x0000000709e00000|  0%| F|  |TAMS 0x0000000709c00000, 0x0000000709c00000| Untracked 
|  52|0x0000000709e00000, 0x0000000709e00000, 0x000000070a000000|  0%| F|  |TAMS 0x0000000709e00000, 0x0000000709e00000| Untracked 
|  53|0x000000070a000000, 0x000000070a000000, 0x000000070a200000|  0%| F|  |TAMS 0x000000070a000000, 0x000000070a000000| Untracked 
|  54|0x000000070a200000, 0x000000070a200000, 0x000000070a400000|  0%| F|  |TAMS 0x000000070a200000, 0x000000070a200000| Untracked 
|  55|0x000000070a400000, 0x000000070a400000, 0x000000070a600000|  0%| F|  |TAMS 0x000000070a400000, 0x000000070a400000| Untracked 
|  56|0x000000070a600000, 0x000000070a600000, 0x000000070a800000|  0%| F|  |TAMS 0x000000070a600000, 0x000000070a600000| Untracked 
|  57|0x000000070a800000, 0x000000070a800000, 0x000000070aa00000|  0%| F|  |TAMS 0x000000070a800000, 0x000000070a800000| Untracked 
|  58|0x000000070aa00000, 0x000000070aa00000, 0x000000070ac00000|  0%| F|  |TAMS 0x000000070aa00000, 0x000000070aa00000| Untracked 
|  59|0x000000070ac00000, 0x000000070ac00000, 0x000000070ae00000|  0%| F|  |TAMS 0x000000070ac00000, 0x000000070ac00000| Untracked 
|  60|0x000000070ae00000, 0x000000070ae00000, 0x000000070b000000|  0%| F|  |TAMS 0x000000070ae00000, 0x000000070ae00000| Untracked 
|  61|0x000000070b000000, 0x000000070b000000, 0x000000070b200000|  0%| F|  |TAMS 0x000000070b000000, 0x000000070b000000| Untracked 
|  62|0x000000070b200000, 0x000000070b200000, 0x000000070b400000|  0%| F|  |TAMS 0x000000070b200000, 0x000000070b200000| Untracked 
|  63|0x000000070b400000, 0x000000070b400000, 0x000000070b600000|  0%| F|  |TAMS 0x000000070b400000, 0x000000070b400000| Untracked 
|  64|0x000000070b600000, 0x000000070b600000, 0x000000070b800000|  0%| F|  |TAMS 0x000000070b600000, 0x000000070b600000| Untracked 
|  65|0x000000070b800000, 0x000000070b800000, 0x000000070ba00000|  0%| F|  |TAMS 0x000000070b800000, 0x000000070b800000| Untracked 
|  66|0x000000070ba00000, 0x000000070ba00000, 0x000000070bc00000|  0%| F|  |TAMS 0x000000070ba00000, 0x000000070ba00000| Untracked 
|  67|0x000000070bc00000, 0x000000070bc00000, 0x000000070be00000|  0%| F|  |TAMS 0x000000070bc00000, 0x000000070bc00000| Untracked 
|  68|0x000000070be00000, 0x000000070be00000, 0x000000070c000000|  0%| F|  |TAMS 0x000000070be00000, 0x000000070be00000| Untracked 
|  69|0x000000070c000000, 0x000000070c000000, 0x000000070c200000|  0%| F|  |TAMS 0x000000070c000000, 0x000000070c000000| Untracked 
|  70|0x000000070c200000, 0x000000070c200000, 0x000000070c400000|  0%| F|  |TAMS 0x000000070c200000, 0x000000070c200000| Untracked 
|  71|0x000000070c400000, 0x000000070c400000, 0x000000070c600000|  0%| F|  |TAMS 0x000000070c400000, 0x000000070c400000| Untracked 
|  72|0x000000070c600000, 0x000000070c600000, 0x000000070c800000|  0%| F|  |TAMS 0x000000070c600000, 0x000000070c600000| Untracked 
|  73|0x000000070c800000, 0x000000070c800000, 0x000000070ca00000|  0%| F|  |TAMS 0x000000070c800000, 0x000000070c800000| Untracked 
|  74|0x000000070ca00000, 0x000000070ca00000, 0x000000070cc00000|  0%| F|  |TAMS 0x000000070ca00000, 0x000000070ca00000| Untracked 
|  75|0x000000070cc00000, 0x000000070cc00000, 0x000000070ce00000|  0%| F|  |TAMS 0x000000070cc00000, 0x000000070cc00000| Untracked 
|  76|0x000000070ce00000, 0x000000070ce00000, 0x000000070d000000|  0%| F|  |TAMS 0x000000070ce00000, 0x000000070ce00000| Untracked 
|  77|0x000000070d000000, 0x000000070d000000, 0x000000070d200000|  0%| F|  |TAMS 0x000000070d000000, 0x000000070d000000| Untracked 
|  78|0x000000070d200000, 0x000000070d200000, 0x000000070d400000|  0%| F|  |TAMS 0x000000070d200000, 0x000000070d200000| Untracked 
|  79|0x000000070d400000, 0x000000070d400000, 0x000000070d600000|  0%| F|  |TAMS 0x000000070d400000, 0x000000070d400000| Untracked 
|  80|0x000000070d600000, 0x000000070d600000, 0x000000070d800000|  0%| F|  |TAMS 0x000000070d600000, 0x000000070d600000| Untracked 
|  81|0x000000070d800000, 0x000000070d800000, 0x000000070da00000|  0%| F|  |TAMS 0x000000070d800000, 0x000000070d800000| Untracked 
|  82|0x000000070da00000, 0x000000070da00000, 0x000000070dc00000|  0%| F|  |TAMS 0x000000070da00000, 0x000000070da00000| Untracked 
|  83|0x000000070dc00000, 0x000000070dc00000, 0x000000070de00000|  0%| F|  |TAMS 0x000000070dc00000, 0x000000070dc00000| Untracked 
|  84|0x000000070de00000, 0x000000070de00000, 0x000000070e000000|  0%| F|  |TAMS 0x000000070de00000, 0x000000070de00000| Untracked 
|  85|0x000000070e000000, 0x000000070e000000, 0x000000070e200000|  0%| F|  |TAMS 0x000000070e000000, 0x000000070e000000| Untracked 
|  86|0x000000070e200000, 0x000000070e200000, 0x000000070e400000|  0%| F|  |TAMS 0x000000070e200000, 0x000000070e200000| Untracked 
|  87|0x000000070e400000, 0x000000070e400000, 0x000000070e600000|  0%| F|  |TAMS 0x000000070e400000, 0x000000070e400000| Untracked 
|  88|0x000000070e600000, 0x000000070e600000, 0x000000070e800000|  0%| F|  |TAMS 0x000000070e600000, 0x000000070e600000| Untracked 
|  89|0x000000070e800000, 0x000000070e800000, 0x000000070ea00000|  0%| F|  |TAMS 0x000000070e800000, 0x000000070e800000| Untracked 
|  90|0x000000070ea00000, 0x000000070ea00000, 0x000000070ec00000|  0%| F|  |TAMS 0x000000070ea00000, 0x000000070ea00000| Untracked 
|  91|0x000000070ec00000, 0x000000070ec00000, 0x000000070ee00000|  0%| F|  |TAMS 0x000000070ec00000, 0x000000070ec00000| Untracked 
|  92|0x000000070ee00000, 0x000000070ee00000, 0x000000070f000000|  0%| F|  |TAMS 0x000000070ee00000, 0x000000070ee00000| Untracked 
|  93|0x000000070f000000, 0x000000070f000000, 0x000000070f200000|  0%| F|  |TAMS 0x000000070f000000, 0x000000070f000000| Untracked 
|  94|0x000000070f200000, 0x000000070f200000, 0x000000070f400000|  0%| F|  |TAMS 0x000000070f200000, 0x000000070f200000| Untracked 
|  95|0x000000070f400000, 0x000000070f400000, 0x000000070f600000|  0%| F|  |TAMS 0x000000070f400000, 0x000000070f400000| Untracked 
|  96|0x000000070f600000, 0x000000070f600000, 0x000000070f800000|  0%| F|  |TAMS 0x000000070f600000, 0x000000070f600000| Untracked 
|  97|0x000000070f800000, 0x000000070f800000, 0x000000070fa00000|  0%| F|  |TAMS 0x000000070f800000, 0x000000070f800000| Untracked 
|  98|0x000000070fa00000, 0x000000070fa00000, 0x000000070fc00000|  0%| F|  |TAMS 0x000000070fa00000, 0x000000070fa00000| Untracked 
|  99|0x000000070fc00000, 0x000000070fc00000, 0x000000070fe00000|  0%| F|  |TAMS 0x000000070fc00000, 0x000000070fc00000| Untracked 
| 100|0x000000070fe00000, 0x000000070fe00000, 0x0000000710000000|  0%| F|  |TAMS 0x000000070fe00000, 0x000000070fe00000| Untracked 
| 101|0x0000000710000000, 0x0000000710000000, 0x0000000710200000|  0%| F|  |TAMS 0x0000000710000000, 0x0000000710000000| Untracked 
| 102|0x0000000710200000, 0x0000000710200000, 0x0000000710400000|  0%| F|  |TAMS 0x0000000710200000, 0x0000000710200000| Untracked 
| 103|0x0000000710400000, 0x0000000710400000, 0x0000000710600000|  0%| F|  |TAMS 0x0000000710400000, 0x0000000710400000| Untracked 
| 104|0x0000000710600000, 0x0000000710600000, 0x0000000710800000|  0%| F|  |TAMS 0x0000000710600000, 0x0000000710600000| Untracked 
| 105|0x0000000710800000, 0x0000000710800000, 0x0000000710a00000|  0%| F|  |TAMS 0x0000000710800000, 0x0000000710800000| Untracked 
| 106|0x0000000710a00000, 0x0000000710a00000, 0x0000000710c00000|  0%| F|  |TAMS 0x0000000710a00000, 0x0000000710a00000| Untracked 
| 107|0x0000000710c00000, 0x0000000710c00000, 0x0000000710e00000|  0%| F|  |TAMS 0x0000000710c00000, 0x0000000710c00000| Untracked 
| 108|0x0000000710e00000, 0x0000000710e00000, 0x0000000711000000|  0%| F|  |TAMS 0x0000000710e00000, 0x0000000710e00000| Untracked 
| 109|0x0000000711000000, 0x0000000711000000, 0x0000000711200000|  0%| F|  |TAMS 0x0000000711000000, 0x0000000711000000| Untracked 
| 110|0x0000000711200000, 0x0000000711200000, 0x0000000711400000|  0%| F|  |TAMS 0x0000000711200000, 0x0000000711200000| Untracked 
| 111|0x0000000711400000, 0x0000000711400000, 0x0000000711600000|  0%| F|  |TAMS 0x0000000711400000, 0x0000000711400000| Untracked 
| 112|0x0000000711600000, 0x0000000711600000, 0x0000000711800000|  0%| F|  |TAMS 0x0000000711600000, 0x0000000711600000| Untracked 
| 113|0x0000000711800000, 0x0000000711800000, 0x0000000711a00000|  0%| F|  |TAMS 0x0000000711800000, 0x0000000711800000| Untracked 
| 114|0x0000000711a00000, 0x0000000711b00800, 0x0000000711c00000| 50%| E|  |TAMS 0x0000000711a00000, 0x0000000711a00000| Complete 
| 115|0x0000000711c00000, 0x0000000711e00000, 0x0000000711e00000|100%| E|CS|TAMS 0x0000000711c00000, 0x0000000711c00000| Complete 
| 116|0x0000000711e00000, 0x0000000712000000, 0x0000000712000000|100%| E|CS|TAMS 0x0000000711e00000, 0x0000000711e00000| Complete 
| 117|0x0000000712000000, 0x0000000712200000, 0x0000000712200000|100%| E|CS|TAMS 0x0000000712000000, 0x0000000712000000| Complete 
| 118|0x0000000712200000, 0x0000000712400000, 0x0000000712400000|100%| E|CS|TAMS 0x0000000712200000, 0x0000000712200000| Complete 
| 119|0x0000000712400000, 0x0000000712600000, 0x0000000712600000|100%| E|CS|TAMS 0x0000000712400000, 0x0000000712400000| Complete 
| 120|0x0000000712600000, 0x0000000712800000, 0x0000000712800000|100%| E|CS|TAMS 0x0000000712600000, 0x0000000712600000| Complete 
| 121|0x0000000712800000, 0x0000000712a00000, 0x0000000712a00000|100%| E|CS|TAMS 0x0000000712800000, 0x0000000712800000| Complete 
| 122|0x0000000712a00000, 0x0000000712c00000, 0x0000000712c00000|100%| E|CS|TAMS 0x0000000712a00000, 0x0000000712a00000| Complete 
| 123|0x0000000712c00000, 0x0000000712e00000, 0x0000000712e00000|100%| E|CS|TAMS 0x0000000712c00000, 0x0000000712c00000| Complete 
| 124|0x0000000712e00000, 0x0000000713000000, 0x0000000713000000|100%| E|CS|TAMS 0x0000000712e00000, 0x0000000712e00000| Complete 
| 125|0x0000000713000000, 0x0000000713200000, 0x0000000713200000|100%| E|CS|TAMS 0x0000000713000000, 0x0000000713000000| Complete 
| 126|0x0000000713200000, 0x0000000713400000, 0x0000000713400000|100%| E|CS|TAMS 0x0000000713200000, 0x0000000713200000| Complete 
| 127|0x0000000713400000, 0x0000000713600000, 0x0000000713600000|100%| E|CS|TAMS 0x0000000713400000, 0x0000000713400000| Complete 

Card table byte_map: [0x0000020bacde0000,0x0000020bad5d0000] _byte_map_base: 0x0000020ba95c5000

Marking Bits (Prev, Next): (CMBitMap*) 0x0000020b99c6c230, (CMBitMap*) 0x0000020b99c6c270
 Prev Bits: [0x0000020baddc0000, 0x0000020bb1ce8000)
 Next Bits: [0x0000020bb1cf0000, 0x0000020bb5c18000)

Polling page: 0x0000020b97bb0000

Metaspace:

Usage:
  Non-class:     35.36 MB used.
      Class:      4.21 MB used.
       Both:     39.57 MB used.

Virtual space:
  Non-class space:       40.00 MB reserved,      35.56 MB ( 89%) committed,  5 nodes.
      Class space:        1.00 GB reserved,       4.38 MB ( <1%) committed,  1 nodes.
             Both:        1.04 GB reserved,      39.94 MB (  4%) committed. 

Chunk freelists:
   Non-Class:  3.91 MB
       Class:  3.50 MB
        Both:  7.41 MB

MaxMetaspaceSize: unlimited
CompressedClassSpaceSize: 1.00 GB
Initial GC threshold: 21.00 MB
Current GC threshold: 58.75 MB
CDS: off
MetaspaceReclaimPolicy: balanced
 - commit_granule_bytes: 65536.
 - commit_granule_words: 8192.
 - virtual_space_node_default_size: 1048576.
 - enlarge_chunks_in_place: 1.
 - new_chunks_are_fully_committed: 0.
 - uncommit_free_chunks: 1.
 - use_allocation_guard: 0.
 - handle_deallocations: 1.


Internal statistics:

num_allocs_failed_limit: 6.
num_arena_births: 198.
num_arena_deaths: 0.
num_vsnodes_births: 6.
num_vsnodes_deaths: 0.
num_space_committed: 639.
num_space_uncommitted: 0.
num_chunks_returned_to_freelist: 6.
num_chunks_taken_from_freelist: 1313.
num_chunk_merges: 6.
num_chunk_splits: 909.
num_chunks_enlarged: 708.
num_purges: 0.
num_inconsistent_stats: 0.

CodeHeap 'non-profiled nmethods': size=120000Kb used=3389Kb max_used=3389Kb free=116610Kb
 bounds [0x0000020ba4d80000, 0x0000020ba50e0000, 0x0000020bac2b0000]
CodeHeap 'profiled nmethods': size=120000Kb used=10496Kb max_used=11435Kb free=109503Kb
 bounds [0x0000020b9d2b0000, 0x0000020b9dde0000, 0x0000020ba47e0000]
CodeHeap 'non-nmethods': size=5760Kb used=1263Kb max_used=1298Kb free=4496Kb
 bounds [0x0000020ba47e0000, 0x0000020ba4a50000, 0x0000020ba4d80000]
 total_blobs=5855 nmethods=5292 adapters=475
 compilation: enabled
              stopped_count=0, restarted_count=0
 full_count=0

Compilation events (20 events):
Event: 4.561 Thread 0x0000020bb90accc0 6158       1       org.apache.maven.surefire.api.stream.AbstractStreamDecoder$MalformedFrameException::readTo (5 bytes)
Event: 4.561 Thread 0x0000020bb90accc0 nmethod 6158 0x0000020ba4fd7b90 code [0x0000020ba4fd7d20, 0x0000020ba4fd7df8]
Event: 4.561 Thread 0x0000020bb90accc0 6159       3       java.lang.StringBuilder::append (8 bytes)
Event: 4.561 Thread 0x0000020bb90accc0 nmethod 6159 0x0000020b9d318c90 code [0x0000020b9d318e20, 0x0000020b9d318f68]
Event: 4.562 Thread 0x0000020bb99c8aa0 nmethod 6155 0x0000020ba4fd7590 code [0x0000020ba4fd7720, 0x0000020ba4fd7aa8]
Event: 4.562 Thread 0x0000020bb99c8aa0 6156       4       java.util.Arrays::copyOf (10 bytes)
Event: 4.562 Thread 0x0000020bb90accc0 6160  s    1       java.lang.StringBuffer::length (5 bytes)
Event: 4.562 Thread 0x0000020bb90accc0 nmethod 6160 0x0000020ba4fd7210 code [0x0000020ba4fd73a0, 0x0000020ba4fd7518]
Event: 4.563 Thread 0x0000020bb90accc0 6161       3       java.util.Calendar::internalGet (7 bytes)
Event: 4.563 Thread 0x0000020bb99c8aa0 nmethod 6156 0x0000020ba4fd6c90 code [0x0000020ba4fd6e00, 0x0000020ba4fd70b8]
Event: 4.563 Thread 0x0000020bb90accc0 nmethod 6161 0x0000020b9dc76890 code [0x0000020b9dc76a20, 0x0000020b9dc76b58]
Event: 4.563 Thread 0x0000020bb99c8aa0 6162       4       java.nio.Buffer::remaining (20 bytes)
Event: 4.564 Thread 0x0000020bb90accc0 6163       3       org.apache.maven.surefire.stream.EventDecoder::getEncodedMagicNumber (4 bytes)
Event: 4.564 Thread 0x0000020bb90accc0 nmethod 6163 0x0000020b9dd2c090 code [0x0000020b9dd2c220, 0x0000020b9dd2c338]
Event: 4.564 Thread 0x0000020bb90accc0 6164   !   3       org.apache.maven.surefire.stream.EventDecoder::decode (399 bytes)
Event: 4.564 Thread 0x0000020bb99c8aa0 nmethod 6162 0x0000020ba4fd6990 code [0x0000020ba4fd6b00, 0x0000020ba4fd6b98]
Event: 4.565 Thread 0x0000020bb90a0940 nmethod 6149 0x0000020ba4fd5590 code [0x0000020ba4fd5780, 0x0000020ba4fd6128]
Event: 4.567 Thread 0x0000020bb90accc0 nmethod 6164 0x0000020b9d790110 code [0x0000020b9d7906c0, 0x0000020b9d793648]
Event: 4.567 Thread 0x0000020bb90accc0 6165       3       org.apache.maven.surefire.api.stream.AbstractStreamDecoder::readMessageType (46 bytes)
Event: 4.567 Thread 0x0000020bb90accc0 nmethod 6165 0x0000020b9d316890 code [0x0000020b9d316a60, 0x0000020b9d316f58]

GC Heap History (20 events):
Event: 1.218 GC heap before
{Heap before GC invocations=2 (full 0):
 garbage-first heap   total 260096K, used 22716K [0x0000000703600000, 0x0000000800000000)
  region size 2048K, 10 young (20480K), 1 survivors (2048K)
 Metaspace       used 21386K, committed 21504K, reserved 1073152K
  class space    used 2250K, committed 2304K, reserved 1048576K
}
Event: 1.220 GC heap after
{Heap after GC invocations=3 (full 0):
 garbage-first heap   total 260096K, used 7428K [0x0000000703600000, 0x0000000800000000)
  region size 2048K, 2 young (4096K), 2 survivors (4096K)
 Metaspace       used 21386K, committed 21504K, reserved 1073152K
  class space    used 2250K, committed 2304K, reserved 1048576K
}
Event: 1.437 GC heap before
{Heap before GC invocations=4 (full 0):
 garbage-first heap   total 40960K, used 25860K [0x0000000703600000, 0x0000000800000000)
  region size 2048K, 12 young (24576K), 2 survivors (4096K)
 Metaspace       used 22492K, committed 22656K, reserved 1073152K
  class space    used 2339K, committed 2432K, reserved 1048576K
}
Event: 1.442 GC heap after
{Heap after GC invocations=5 (full 0):
 garbage-first heap   total 40960K, used 10432K [0x0000000703600000, 0x0000000800000000)
  region size 2048K, 3 young (6144K), 3 survivors (6144K)
 Metaspace       used 22492K, committed 22656K, reserved 1073152K
  class space    used 2339K, committed 2432K, reserved 1048576K
}
Event: 1.460 GC heap before
{Heap before GC invocations=5 (full 0):
 garbage-first heap   total 40960K, used 10432K [0x0000000703600000, 0x0000000800000000)
  region size 2048K, 4 young (8192K), 3 survivors (6144K)
 Metaspace       used 22555K, committed 22784K, reserved 1073152K
  class space    used 2345K, committed 2432K, reserved 1048576K
}
Event: 1.465 GC heap after
{Heap after GC invocations=6 (full 0):
 garbage-first heap   total 40960K, used 11070K [0x0000000703600000, 0x0000000800000000)
  region size 2048K, 1 young (2048K), 1 survivors (2048K)
 Metaspace       used 22555K, committed 22784K, reserved 1073152K
  class space    used 2345K, committed 2432K, reserved 1048576K
}
Event: 1.574 GC heap before
{Heap before GC invocations=6 (full 0):
 garbage-first heap   total 40960K, used 27454K [0x0000000703600000, 0x0000000800000000)
  region size 2048K, 9 young (18432K), 1 survivors (2048K)
 Metaspace       used 22781K, committed 22912K, reserved 1073152K
  class space    used 2358K, committed 2432K, reserved 1048576K
}
Event: 1.577 GC heap after
{Heap after GC invocations=7 (full 0):
 garbage-first heap   total 40960K, used 12180K [0x0000000703600000, 0x0000000800000000)
  region size 2048K, 2 young (4096K), 2 survivors (4096K)
 Metaspace       used 22781K, committed 22912K, reserved 1073152K
  class space    used 2358K, committed 2432K, reserved 1048576K
}
Event: 1.659 GC heap before
{Heap before GC invocations=7 (full 0):
 garbage-first heap   total 40960K, used 26516K [0x0000000703600000, 0x0000000800000000)
  region size 2048K, 9 young (18432K), 2 survivors (4096K)
 Metaspace       used 22909K, committed 23040K, reserved 1073152K
  class space    used 2360K, committed 2432K, reserved 1048576K
}
Event: 1.663 GC heap after
{Heap after GC invocations=8 (full 0):
 garbage-first heap   total 151552K, used 13315K [0x0000000703600000, 0x0000000800000000)
  region size 2048K, 2 young (4096K), 2 survivors (4096K)
 Metaspace       used 22909K, committed 23040K, reserved 1073152K
  class space    used 2360K, committed 2432K, reserved 1048576K
}
Event: 2.478 GC heap before
{Heap before GC invocations=8 (full 0):
 garbage-first heap   total 151552K, used 103427K [0x0000000703600000, 0x0000000800000000)
  region size 2048K, 44 young (90112K), 2 survivors (4096K)
 Metaspace       used 31859K, committed 32128K, reserved 1081344K
  class space    used 3389K, committed 3520K, reserved 1048576K
}
Event: 2.486 GC heap after
{Heap after GC invocations=9 (full 0):
 garbage-first heap   total 151552K, used 25296K [0x0000000703600000, 0x0000000800000000)
  region size 2048K, 6 young (12288K), 6 survivors (12288K)
 Metaspace       used 31859K, committed 32128K, reserved 1081344K
  class space    used 3389K, committed 3520K, reserved 1048576K
}
Event: 3.327 GC heap before
{Heap before GC invocations=9 (full 0):
 garbage-first heap   total 151552K, used 96976K [0x0000000703600000, 0x0000000800000000)
  region size 2048K, 42 young (86016K), 6 survivors (12288K)
 Metaspace       used 35719K, committed 35968K, reserved 1081344K
  class space    used 3807K, committed 3968K, reserved 1048576K
}
Event: 3.340 GC heap after
{Heap after GC invocations=10 (full 0):
 garbage-first heap   total 151552K, used 35190K [0x0000000703600000, 0x0000000800000000)
  region size 2048K, 6 young (12288K), 6 survivors (12288K)
 Metaspace       used 35719K, committed 35968K, reserved 1081344K
  class space    used 3807K, committed 3968K, reserved 1048576K
}
Event: 3.881 GC heap before
{Heap before GC invocations=11 (full 0):
 garbage-first heap   total 131072K, used 98678K [0x0000000703600000, 0x0000000800000000)
  region size 2048K, 38 young (77824K), 6 survivors (12288K)
 Metaspace       used 36395K, committed 36736K, reserved 1081344K
  class space    used 3855K, committed 4032K, reserved 1048576K
}
Event: 3.892 GC heap after
{Heap after GC invocations=12 (full 0):
 garbage-first heap   total 131072K, used 51421K [0x0000000703600000, 0x0000000800000000)
  region size 2048K, 5 young (10240K), 5 survivors (10240K)
 Metaspace       used 36395K, committed 36736K, reserved 1081344K
  class space    used 3855K, committed 4032K, reserved 1048576K
}
Event: 3.905 GC heap before
{Heap before GC invocations=12 (full 0):
 garbage-first heap   total 131072K, used 53469K [0x0000000703600000, 0x0000000800000000)
  region size 2048K, 6 young (12288K), 5 survivors (10240K)
 Metaspace       used 36447K, committed 36800K, reserved 1089536K
  class space    used 3868K, committed 4032K, reserved 1048576K
}
Event: 3.911 GC heap after
{Heap after GC invocations=13 (full 0):
 garbage-first heap   total 131072K, used 53750K [0x0000000703600000, 0x0000000800000000)
  region size 2048K, 1 young (2048K), 1 survivors (2048K)
 Metaspace       used 36447K, committed 36800K, reserved 1089536K
  class space    used 3868K, committed 4032K, reserved 1048576K
}
Event: 4.236 GC heap before
{Heap before GC invocations=13 (full 0):
 garbage-first heap   total 131072K, used 92662K [0x0000000703600000, 0x0000000800000000)
  region size 2048K, 21 young (43008K), 1 survivors (2048K)
 Metaspace       used 37523K, committed 37824K, reserved 1089536K
  class space    used 3994K, committed 4160K, reserved 1048576K
}
Event: 4.239 GC heap after
{Heap after GC invocations=14 (full 0):
 garbage-first heap   total 262144K, used 53299K [0x0000000703600000, 0x0000000800000000)
  region size 2048K, 1 young (2048K), 1 survivors (2048K)
 Metaspace       used 37523K, committed 37824K, reserved 1089536K
  class space    used 3994K, committed 4160K, reserved 1048576K
}

Dll operation events (7 events):
Event: 0.008 Loaded shared library C:\Users\Shobusen\Downloads\sts-4.17.2.RELEASE\plugins\org.eclipse.justj.openjdk.hotspot.jre.full.win32.x86_64_17.0.6.v20230125-1136\jre\bin\java.dll
Event: 0.099 Loaded shared library C:\Users\Shobusen\Downloads\sts-4.17.2.RELEASE\plugins\org.eclipse.justj.openjdk.hotspot.jre.full.win32.x86_64_17.0.6.v20230125-1136\jre\bin\net.dll
Event: 0.101 Loaded shared library C:\Users\Shobusen\Downloads\sts-4.17.2.RELEASE\plugins\org.eclipse.justj.openjdk.hotspot.jre.full.win32.x86_64_17.0.6.v20230125-1136\jre\bin\nio.dll
Event: 0.105 Loaded shared library C:\Users\Shobusen\Downloads\sts-4.17.2.RELEASE\plugins\org.eclipse.justj.openjdk.hotspot.jre.full.win32.x86_64_17.0.6.v20230125-1136\jre\bin\zip.dll
Event: 0.191 Loaded shared library C:\Users\Shobusen\Downloads\sts-4.17.2.RELEASE\plugins\org.eclipse.justj.openjdk.hotspot.jre.full.win32.x86_64_17.0.6.v20230125-1136\jre\bin\jimage.dll
Event: 0.232 Loaded shared library C:\Users\Shobusen\AppData\Local\Temp\jansi-2.4.0-22c9e778cbe22b61-jansi.dll
Event: 0.240 Loaded shared library C:\Users\Shobusen\Downloads\sts-4.17.2.RELEASE\plugins\org.eclipse.justj.openjdk.hotspot.jre.full.win32.x86_64_17.0.6.v20230125-1136\jre\bin\verify.dll

Deoptimization events (20 events):
Event: 4.556 Thread 0x0000020bb9094a50 Uncommon trap: trap_request=0xffffff45 fr.pc=0x0000020ba4ed60f8 relative=0x0000000000000078
Event: 4.556 Thread 0x0000020bb9094a50 Uncommon trap: reason=unstable_if action=reinterpret pc=0x0000020ba4ed60f8 method=java.util.regex.Pattern.lambda$DOT$4(I)Z @ 3 c2
Event: 4.556 Thread 0x0000020bb9094a50 DEOPT PACKING pc=0x0000020ba4ed60f8 sp=0x000000d21dcfedb0
Event: 4.556 Thread 0x0000020bb9094a50 DEOPT UNPACKING pc=0x0000020ba483a1a3 sp=0x000000d21dcfece8 mode 2
Event: 4.556 Thread 0x0000020bb9094a50 Uncommon trap: trap_request=0xffffffc6 fr.pc=0x0000020ba4df6050 relative=0x00000000000006d0
Event: 4.556 Thread 0x0000020bb9094a50 Uncommon trap: reason=bimorphic_or_optimized_type_check action=maybe_recompile pc=0x0000020ba4df6050 method=java.util.regex.Pattern$Slice.match(Ljava/util/regex/Matcher;ILjava/lang/CharSequence;)Z @ 49 c2
Event: 4.556 Thread 0x0000020bb9094a50 DEOPT PACKING pc=0x0000020ba4df6050 sp=0x000000d21dcfecf0
Event: 4.556 Thread 0x0000020bb9094a50 DEOPT UNPACKING pc=0x0000020ba483a1a3 sp=0x000000d21dcfec18 mode 2
Event: 4.556 Thread 0x0000020bb9094a50 Uncommon trap: trap_request=0xffffffc6 fr.pc=0x0000020ba4ef2b60 relative=0x0000000000000220
Event: 4.556 Thread 0x0000020bb9094a50 Uncommon trap: reason=bimorphic_or_optimized_type_check action=maybe_recompile pc=0x0000020ba4ef2b60 method=java.util.regex.Pattern$BmpCharProperty.match(Ljava/util/regex/Matcher;ILjava/lang/CharSequence;)Z @ 14 c2
Event: 4.556 Thread 0x0000020bb9094a50 DEOPT PACKING pc=0x0000020ba4ef2b60 sp=0x000000d21dcfec60
Event: 4.556 Thread 0x0000020bb9094a50 DEOPT UNPACKING pc=0x0000020ba483a1a3 sp=0x000000d21dcfec20 mode 2
Event: 4.556 Thread 0x0000020bb9094a50 Uncommon trap: trap_request=0xffffffde fr.pc=0x0000020ba4e0313c relative=0x000000000000011c
Event: 4.556 Thread 0x0000020bb9094a50 Uncommon trap: reason=class_check action=maybe_recompile pc=0x0000020ba4e0313c method=java.util.regex.Pattern$BmpCharPredicate.lambda$union$2(Ljava/util/regex/Pattern$CharPredicate;I)Z @ 12 c2
Event: 4.556 Thread 0x0000020bb9094a50 DEOPT PACKING pc=0x0000020ba4e0313c sp=0x000000d21dcfebf0
Event: 4.556 Thread 0x0000020bb9094a50 DEOPT UNPACKING pc=0x0000020ba483a1a3 sp=0x000000d21dcfeb08 mode 2
Event: 4.556 Thread 0x0000020bb9094a50 Uncommon trap: trap_request=0xffffffc6 fr.pc=0x0000020ba4f0588c relative=0x000000000000026c
Event: 4.556 Thread 0x0000020bb9094a50 Uncommon trap: reason=bimorphic_or_optimized_type_check action=maybe_recompile pc=0x0000020ba4f0588c method=java.util.regex.Matcher.getTextLength()I @ 4 c2
Event: 4.556 Thread 0x0000020bb9094a50 DEOPT PACKING pc=0x0000020ba4f0588c sp=0x000000d21dcfef50
Event: 4.557 Thread 0x0000020bb9094a50 DEOPT UNPACKING pc=0x0000020ba483a1a3 sp=0x000000d21dcfee80 mode 2

Classes unloaded (0 events):
No events

Classes redefined (0 events):
No events

Internal exceptions (20 events):
Event: 4.107 Thread 0x0000020b99bf74d0 Exception <a 'sun/nio/fs/WindowsException'{0x0000000709e46458}> (0x0000000709e46458) 
thrown [s\src\hotspot\share\prims\jni.cpp, line 516]
Event: 4.111 Thread 0x0000020b99bf74d0 Exception <a 'sun/nio/fs/WindowsException'{0x0000000709f22438}> (0x0000000709f22438) 
thrown [s\src\hotspot\share\prims\jni.cpp, line 516]
Event: 4.114 Thread 0x0000020b99bf74d0 Exception <a 'sun/nio/fs/WindowsException'{0x0000000709f3be88}> (0x0000000709f3be88) 
thrown [s\src\hotspot\share\prims\jni.cpp, line 516]
Event: 4.116 Thread 0x0000020b99bf74d0 Exception <a 'sun/nio/fs/WindowsException'{0x0000000709f57d70}> (0x0000000709f57d70) 
thrown [s\src\hotspot\share\prims\jni.cpp, line 516]
Event: 4.116 Thread 0x0000020b99bf74d0 Exception <a 'sun/nio/fs/WindowsException'{0x0000000709f58508}> (0x0000000709f58508) 
thrown [s\src\hotspot\share\prims\jni.cpp, line 516]
Event: 4.116 Thread 0x0000020b99bf74d0 Exception <a 'sun/nio/fs/WindowsException'{0x0000000709f58ac8}> (0x0000000709f58ac8) 
thrown [s\src\hotspot\share\prims\jni.cpp, line 516]
Event: 4.116 Thread 0x0000020b99bf74d0 Exception <a 'sun/nio/fs/WindowsException'{0x0000000709f59238}> (0x0000000709f59238) 
thrown [s\src\hotspot\share\prims\jni.cpp, line 516]
Event: 4.116 Thread 0x0000020b99bf74d0 Exception <a 'sun/nio/fs/WindowsException'{0x0000000709f595c8}> (0x0000000709f595c8) 
thrown [s\src\hotspot\share\prims\jni.cpp, line 516]
Event: 4.116 Thread 0x0000020b99bf74d0 Exception <a 'sun/nio/fs/WindowsException'{0x0000000709f5a2a0}> (0x0000000709f5a2a0) 
thrown [s\src\hotspot\share\prims\jni.cpp, line 516]
Event: 4.116 Thread 0x0000020b99bf74d0 Exception <a 'sun/nio/fs/WindowsException'{0x0000000709f5a5f8}> (0x0000000709f5a5f8) 
thrown [s\src\hotspot\share\prims\jni.cpp, line 516]
Event: 4.116 Thread 0x0000020b99bf74d0 Exception <a 'sun/nio/fs/WindowsException'{0x0000000709f5b2c0}> (0x0000000709f5b2c0) 
thrown [s\src\hotspot\share\prims\jni.cpp, line 516]
Event: 4.116 Thread 0x0000020b99bf74d0 Exception <a 'sun/nio/fs/WindowsException'{0x0000000709f5b608}> (0x0000000709f5b608) 
thrown [s\src\hotspot\share\prims\jni.cpp, line 516]
Event: 4.116 Thread 0x0000020b99bf74d0 Exception <a 'sun/nio/fs/WindowsException'{0x0000000709f5c2c8}> (0x0000000709f5c2c8) 
thrown [s\src\hotspot\share\prims\jni.cpp, line 516]
Event: 4.159 Thread 0x0000020b99bf74d0 Implicit null exception at 0x0000020ba4f8c756 to 0x0000020ba4f8caf8
Event: 4.311 Thread 0x0000020bb9096260 Exception <a 'java/lang/NoSuchMethodError'{0x0000000712e42ba0}: 'java.lang.Object java.lang.invoke.DirectMethodHandle$Holder.invokeStaticInit(java.lang.Object, java.lang.Object, long, java.lang.Object)'> (0x0000000712e42ba0) 
thrown [s\src\hotspot\share\interpreter\linkResolver.cpp, line 759]
Event: 4.311 Thread 0x0000020bb9096260 Exception <a 'java/lang/NoSuchMethodError'{0x0000000712e492e0}: 'java.lang.Object java.lang.invoke.DirectMethodHandle$Holder.newInvokeSpecial(java.lang.Object, java.lang.Object, long)'> (0x0000000712e492e0) 
thrown [s\src\hotspot\share\interpreter\linkResolver.cpp, line 759]
Event: 4.312 Thread 0x0000020bb9096260 Exception <a 'java/lang/NoSuchMethodError'{0x0000000712e4ce50}: 'java.lang.Object java.lang.invoke.Invokers$Holder.linkToTargetMethod(java.lang.Object, long, java.lang.Object)'> (0x0000000712e4ce50) 
thrown [s\src\hotspot\share\interpreter\linkResolver.cpp, line 759]
Event: 4.359 Thread 0x0000020b99bf74d0 Exception <a 'java/lang/NoSuchMethodError'{0x0000000712a40060}: 'java.lang.Object java.lang.invoke.DirectMethodHandle$Holder.invokeStaticInit(java.lang.Object, java.lang.Object, int, int, int, int)'> (0x0000000712a40060) 
thrown [s\src\hotspot\share\interpreter\linkResolver.cpp, line 759]
Event: 4.497 Thread 0x0000020b99bf74d0 Exception <a 'java/lang/NoSuchMethodError'{0x00000007120e08f0}: 'void java.lang.invoke.DirectMethodHandle$Holder.invokeStatic(java.lang.Object, long)'> (0x00000007120e08f0) 
thrown [s\src\hotspot\share\interpreter\linkResolver.cpp, line 759]
Event: 4.498 Thread 0x0000020b99bf74d0 Exception <a 'java/lang/NoSuchMethodError'{0x00000007120e5f40}: 'java.lang.Object java.lang.invoke.DirectMethodHandle$Holder.newInvokeSpecial(java.lang.Object, long)'> (0x00000007120e5f40) 
thrown [s\src\hotspot\share\interpreter\linkResolver.cpp, line 759]

VM Operations (20 events):
Event: 3.641 Executing VM operation: HandshakeAllThreads
Event: 3.641 Executing VM operation: HandshakeAllThreads done
Event: 3.881 Executing VM operation: G1CollectForAllocation
Event: 3.892 Executing VM operation: G1CollectForAllocation done
Event: 3.905 Executing VM operation: G1CollectForAllocation
Event: 3.911 Executing VM operation: G1CollectForAllocation done
Event: 4.236 Executing VM operation: G1CollectForAllocation
Event: 4.239 Executing VM operation: G1CollectForAllocation done
Event: 4.298 Executing VM operation: HandshakeAllThreads
Event: 4.298 Executing VM operation: HandshakeAllThreads done
Event: 4.313 Executing VM operation: HandshakeAllThreads
Event: 4.313 Executing VM operation: HandshakeAllThreads done
Event: 4.428 Executing VM operation: HandshakeAllThreads
Event: 4.428 Executing VM operation: HandshakeAllThreads done
Event: 4.452 Executing VM operation: HandshakeAllThreads
Event: 4.452 Executing VM operation: HandshakeAllThreads done
Event: 4.487 Executing VM operation: HandshakeAllThreads
Event: 4.487 Executing VM operation: HandshakeAllThreads done
Event: 4.499 Executing VM operation: HandshakeAllThreads
Event: 4.499 Executing VM operation: HandshakeAllThreads done

Events (20 events):
Event: 4.500 loading class java/nio/channels/ClosedChannelException done
Event: 4.502 loading class java/nio/channels/NonReadableChannelException
Event: 4.502 loading class java/nio/channels/NonReadableChannelException done
Event: 4.502 loading class java/nio/channels/NonWritableChannelException
Event: 4.502 loading class java/nio/channels/NonWritableChannelException done
Event: 4.511 Thread 0x0000020bb9094a50 Thread added: 0x0000020bb9094a50
Event: 4.511 loading class java/util/Scanner
Event: 4.511 Thread 0x0000020bb9094f20 Thread added: 0x0000020bb9094f20
Event: 4.512 loading class java/util/Scanner done
Event: 4.513 loading class java/util/Scanner$PatternLRUCache
Event: 4.513 loading class java/util/Scanner$PatternLRUCache done
Event: 4.517 Thread 0x0000020bb90953f0 Thread added: 0x0000020bb90953f0
Event: 4.556 loading class java/util/regex/Matcher$ImmutableMatchResult
Event: 4.556 loading class java/util/regex/Matcher$ImmutableMatchResult done
Event: 4.559 loading class java/lang/invoke/VarHandleLongs$FieldInstanceReadWrite
Event: 4.559 loading class java/lang/invoke/VarHandleLongs$FieldInstanceReadOnly
Event: 4.559 loading class java/lang/invoke/VarHandleLongs$FieldInstanceReadOnly done
Event: 4.559 loading class java/lang/invoke/VarHandleLongs$FieldInstanceReadWrite done
Event: 4.559 loading class java/util/concurrent/atomic/Striped64$1
Event: 4.559 loading class java/util/concurrent/atomic/Striped64$1 done


Dynamic libraries:
0x00007ff6b4250000 - 0x00007ff6b425e000 	C:\Users\Shobusen\Downloads\sts-4.17.2.RELEASE\plugins\org.eclipse.justj.openjdk.hotspot.jre.full.win32.x86_64_17.0.6.v20230125-1136\jre\bin\javaw.exe
0x00007ff8e0830000 - 0x00007ff8e0a47000 	C:\WINDOWS\SYSTEM32\ntdll.dll
0x00007ff8e0720000 - 0x00007ff8e07e4000 	C:\WINDOWS\System32\KERNEL32.DLL
0x00007ff8dde30000 - 0x00007ff8de1d6000 	C:\WINDOWS\System32\KERNELBASE.dll
0x00007ff8de350000 - 0x00007ff8de461000 	C:\WINDOWS\System32\ucrtbase.dll
0x00007ff8cf5e0000 - 0x00007ff8cf5f7000 	C:\Users\Shobusen\Downloads\sts-4.17.2.RELEASE\plugins\org.eclipse.justj.openjdk.hotspot.jre.full.win32.x86_64_17.0.6.v20230125-1136\jre\bin\jli.dll
0x00007ff8c5050000 - 0x00007ff8c5069000 	C:\Users\Shobusen\Downloads\sts-4.17.2.RELEASE\plugins\org.eclipse.justj.openjdk.hotspot.jre.full.win32.x86_64_17.0.6.v20230125-1136\jre\bin\VCRUNTIME140.dll
0x00007ff8deae0000 - 0x00007ff8dec8d000 	C:\WINDOWS\System32\USER32.dll
0x00007ff8ddbb0000 - 0x00007ff8ddbd6000 	C:\WINDOWS\System32\win32u.dll
0x00007ff8c4c60000 - 0x00007ff8c4ef3000 	C:\WINDOWS\WinSxS\amd64_microsoft.windows.common-controls_6595b64144ccf1df_6.0.22621.2361_none_2712ced57382f843\COMCTL32.dll
0x00007ff8df280000 - 0x00007ff8df2a9000 	C:\WINDOWS\System32\GDI32.dll
0x00007ff8e0670000 - 0x00007ff8e0717000 	C:\WINDOWS\System32\msvcrt.dll
0x00007ff8de470000 - 0x00007ff8de588000 	C:\WINDOWS\System32\gdi32full.dll
0x00007ff8ddd90000 - 0x00007ff8dde2a000 	C:\WINDOWS\System32\msvcp_win.dll
0x00007ff8dfba0000 - 0x00007ff8dfbd1000 	C:\WINDOWS\System32\IMM32.DLL
0x00007ff8d16b0000 - 0x00007ff8d16bc000 	C:\Users\Shobusen\Downloads\sts-4.17.2.RELEASE\plugins\org.eclipse.justj.openjdk.hotspot.jre.full.win32.x86_64_17.0.6.v20230125-1136\jre\bin\vcruntime140_1.dll
0x00007ff88b890000 - 0x00007ff88b921000 	C:\Users\Shobusen\Downloads\sts-4.17.2.RELEASE\plugins\org.eclipse.justj.openjdk.hotspot.jre.full.win32.x86_64_17.0.6.v20230125-1136\jre\bin\msvcp140.dll
0x00007ff837e90000 - 0x00007ff838ad7000 	C:\Users\Shobusen\Downloads\sts-4.17.2.RELEASE\plugins\org.eclipse.justj.openjdk.hotspot.jre.full.win32.x86_64_17.0.6.v20230125-1136\jre\bin\server\jvm.dll
0x00007ff8de7c0000 - 0x00007ff8de870000 	C:\WINDOWS\System32\ADVAPI32.dll
0x00007ff8df920000 - 0x00007ff8df9c6000 	C:\WINDOWS\System32\sechost.dll
0x00007ff8de870000 - 0x00007ff8de987000 	C:\WINDOWS\System32\RPCRT4.dll
0x00007ff8d6820000 - 0x00007ff8d6829000 	C:\WINDOWS\SYSTEM32\WSOCK32.dll
0x00007ff8dfbe0000 - 0x00007ff8dfc51000 	C:\WINDOWS\System32\WS2_32.dll
0x00007ff8d2110000 - 0x00007ff8d2144000 	C:\WINDOWS\SYSTEM32\WINMM.dll
0x00007ff8cbb70000 - 0x00007ff8cbb7a000 	C:\WINDOWS\SYSTEM32\VERSION.dll
0x00007ff8dcce0000 - 0x00007ff8dccf8000 	C:\WINDOWS\SYSTEM32\kernel.appcore.dll
0x00007ff8d66c0000 - 0x00007ff8d66ca000 	C:\Users\Shobusen\Downloads\sts-4.17.2.RELEASE\plugins\org.eclipse.justj.openjdk.hotspot.jre.full.win32.x86_64_17.0.6.v20230125-1136\jre\bin\jimage.dll
0x00007ff8db540000 - 0x00007ff8db76e000 	C:\WINDOWS\SYSTEM32\DBGHELP.DLL
0x00007ff8dedf0000 - 0x00007ff8df17a000 	C:\WINDOWS\System32\combase.dll
0x00007ff8de990000 - 0x00007ff8dea67000 	C:\WINDOWS\System32\OLEAUT32.dll
0x00007ff8d0e70000 - 0x00007ff8d0ea2000 	C:\WINDOWS\SYSTEM32\dbgcore.DLL
0x00007ff8ddd10000 - 0x00007ff8ddd8a000 	C:\WINDOWS\System32\bcryptPrimitives.dll
0x00007ff8ce750000 - 0x00007ff8ce775000 	C:\Users\Shobusen\Downloads\sts-4.17.2.RELEASE\plugins\org.eclipse.justj.openjdk.hotspot.jre.full.win32.x86_64_17.0.6.v20230125-1136\jre\bin\java.dll
0x00007ff8ce910000 - 0x00007ff8ce928000 	C:\Users\Shobusen\Downloads\sts-4.17.2.RELEASE\plugins\org.eclipse.justj.openjdk.hotspot.jre.full.win32.x86_64_17.0.6.v20230125-1136\jre\bin\zip.dll
0x00007ff8dfe10000 - 0x00007ff8e0668000 	C:\WINDOWS\System32\SHELL32.dll
0x00007ff8dbae0000 - 0x00007ff8dc3d2000 	C:\WINDOWS\SYSTEM32\windows.storage.dll
0x00007ff8db9a0000 - 0x00007ff8dbade000 	C:\WINDOWS\SYSTEM32\wintypes.dll
0x00007ff8dec90000 - 0x00007ff8ded83000 	C:\WINDOWS\System32\SHCORE.dll
0x00007ff8de760000 - 0x00007ff8de7be000 	C:\WINDOWS\System32\shlwapi.dll
0x00007ff8ddae0000 - 0x00007ff8ddb06000 	C:\WINDOWS\SYSTEM32\profapi.dll
0x00007ff8cd970000 - 0x00007ff8cd989000 	C:\Users\Shobusen\Downloads\sts-4.17.2.RELEASE\plugins\org.eclipse.justj.openjdk.hotspot.jre.full.win32.x86_64_17.0.6.v20230125-1136\jre\bin\net.dll
0x00007ff8d8000000 - 0x00007ff8d8137000 	C:\WINDOWS\SYSTEM32\WINHTTP.dll
0x00007ff8dd160000 - 0x00007ff8dd1c9000 	C:\WINDOWS\system32\mswsock.dll
0x00007ff8cd950000 - 0x00007ff8cd965000 	C:\Users\Shobusen\Downloads\sts-4.17.2.RELEASE\plugins\org.eclipse.justj.openjdk.hotspot.jre.full.win32.x86_64_17.0.6.v20230125-1136\jre\bin\nio.dll
0x0000000069ac0000 - 0x0000000069ae4000 	C:\Users\Shobusen\AppData\Local\Temp\jansi-2.4.0-22c9e778cbe22b61-jansi.dll
0x00007ff8d2270000 - 0x00007ff8d2280000 	C:\Users\Shobusen\Downloads\sts-4.17.2.RELEASE\plugins\org.eclipse.justj.openjdk.hotspot.jre.full.win32.x86_64_17.0.6.v20230125-1136\jre\bin\verify.dll
0x00007ff8dc700000 - 0x00007ff8dc72d000 	C:\WINDOWS\SYSTEM32\IPHLPAPI.DLL
0x00007ff8dede0000 - 0x00007ff8dede9000 	C:\WINDOWS\System32\NSI.dll
0x00007ff8d6fe0000 - 0x00007ff8d6ff9000 	C:\WINDOWS\SYSTEM32\dhcpcsvc6.DLL
0x00007ff8d6fc0000 - 0x00007ff8d6fdf000 	C:\WINDOWS\SYSTEM32\dhcpcsvc.DLL
0x00007ff8dc730000 - 0x00007ff8dc829000 	C:\WINDOWS\SYSTEM32\DNSAPI.dll
0x00007ff8dcd00000 - 0x00007ff8dcd34000 	C:\WINDOWS\SYSTEM32\ntmarta.dll
0x00007ff8dd3b0000 - 0x00007ff8dd3cb000 	C:\WINDOWS\SYSTEM32\CRYPTSP.dll
0x00007ff8dcc40000 - 0x00007ff8dcc75000 	C:\WINDOWS\system32\rsaenh.dll
0x00007ff8dd250000 - 0x00007ff8dd27c000 	C:\WINDOWS\SYSTEM32\USERENV.dll
0x00007ff8dd570000 - 0x00007ff8dd598000 	C:\WINDOWS\SYSTEM32\bcrypt.dll
0x00007ff8dd3d0000 - 0x00007ff8dd3dc000 	C:\WINDOWS\SYSTEM32\CRYPTBASE.dll

dbghelp: loaded successfully - version: 4.0.5 - missing functions: none
symbol engine: initialized successfully - sym options: 0x614 - pdb path: .;C:\Users\Shobusen\Downloads\sts-4.17.2.RELEASE\plugins\org.eclipse.justj.openjdk.hotspot.jre.full.win32.x86_64_17.0.6.v20230125-1136\jre\bin;C:\WINDOWS\SYSTEM32;C:\WINDOWS\WinSxS\amd64_microsoft.windows.common-controls_6595b64144ccf1df_6.0.22621.2361_none_2712ced57382f843;C:\Users\Shobusen\Downloads\sts-4.17.2.RELEASE\plugins\org.eclipse.justj.openjdk.hotspot.jre.full.win32.x86_64_17.0.6.v20230125-1136\jre\bin\server;C:\Users\Shobusen\AppData\Local\Temp

VM Arguments:
jvm_args: -Dmaven.home=EMBEDDED -Dclassworlds.conf=C:\Users\Shobusen\OneDrive\Documents\Workspace\.metadata\.plugins\org.eclipse.m2e.launching\launches\m2conf6328701571775272460.tmp -Dmaven.multiModuleProjectDirectory=C:\Users\Shobusen\OneDrive\Documents\Codebase\springboot-crud-h2 -Dm2e.build.project.data.socket.port=50301 -Dfile.encoding=UTF-8 -XX:+ShowCodeDetailsInExceptionMessages 
java_command: org.codehaus.plexus.classworlds.launcher.Launcher -B -Dstyle.color=always clean install
java_class_path (initial): C:\Users\Shobusen\Downloads\sts-4.17.2.RELEASE\plugins\org.eclipse.m2e.maven.runtime_3.8.604.20221130-2149\jars\plexus-classworlds-2.6.0.jar
Launcher Type: SUN_STANDARD

[Global flags]
     intx CICompilerCount                          = 4                                         {product} {ergonomic}
     uint ConcGCThreads                            = 2                                         {product} {ergonomic}
     uint G1ConcRefinementThreads                  = 8                                         {product} {ergonomic}
   size_t G1HeapRegionSize                         = 2097152                                   {product} {ergonomic}
    uintx GCDrainStackTargetSize                   = 64                                        {product} {ergonomic}
   size_t InitialHeapSize                          = 266338304                                 {product} {ergonomic}
   size_t MarkStackSize                            = 4194304                                   {product} {ergonomic}
   size_t MaxHeapSize                              = 4238344192                                {product} {ergonomic}
   size_t MaxNewSize                               = 2541748224                                {product} {ergonomic}
   size_t MinHeapDeltaBytes                        = 2097152                                   {product} {ergonomic}
   size_t MinHeapSize                              = 8388608                                   {product} {ergonomic}
    uintx NonNMethodCodeHeapSize                   = 5839372                                {pd product} {ergonomic}
    uintx NonProfiledCodeHeapSize                  = 122909434                              {pd product} {ergonomic}
    uintx ProfiledCodeHeapSize                     = 122909434                              {pd product} {ergonomic}
    uintx ReservedCodeCacheSize                    = 251658240                              {pd product} {ergonomic}
     bool SegmentedCodeCache                       = true                                      {product} {ergonomic}
     bool ShowCodeDetailsInExceptionMessages       = true                                   {manageable} {command line}
   size_t SoftMaxHeapSize                          = 4238344192                             {manageable} {ergonomic}
     bool UseCompressedClassPointers               = true                           {product lp64_product} {ergonomic}
     bool UseCompressedOops                        = true                           {product lp64_product} {ergonomic}
     bool UseG1GC                                  = true                                      {product} {ergonomic}
     bool UseLargePagesIndividualAllocation        = false                                  {pd product} {ergonomic}

Logging:
Log output configuration:
 #0: stdout all=warning uptime,level,tags
 #1: stderr all=off uptime,level,tags

Environment Variables:
PATH=C:/Users/Shobusen/Downloads/sts-4.17.2.RELEASE//plugins/org.eclipse.justj.openjdk.hotspot.jre.full.win32.x86_64_17.0.6.v20230125-1136/jre/bin/server;C:/Users/Shobusen/Downloads/sts-4.17.2.RELEASE//plugins/org.eclipse.justj.openjdk.hotspot.jre.full.win32.x86_64_17.0.6.v20230125-1136/jre/bin;C:\Program Files\Common Files\Oracle\Java\javapath;C:\Program Files (x86)\Common Files\Oracle\Java\javapath;C:\Windows\system32;C:\Windows;C:\Windows\System32\Wbem;C:\Windows\System32\WindowsPowerShell\v1.0\;C:\Windows\System32\OpenSSH\;C:\Program Files (x86)\NVIDIA Corporation\PhysX\Common;C:\Program Files\NVIDIA Corporation\NVIDIA NvDLISR;C:\WINDOWS\system32;C:\WINDOWS;C:\WINDOWS\System32\Wbem;C:\WINDOWS\System32\WindowsPowerShell\v1.0\;C:\WINDOWS\System32\OpenSSH\;C:\Program Files\Git\cmd;C:\Program Files\GitHub CLI\;C:\Program Files\Calibre2\;C:\Gradle\gradle-8.3\bin;C:\Users\Shobusen\AppData\Local\Microsoft\WindowsApps;;C:\Program Files\JetBrains\IntelliJ IDEA 2022.3.2\bin;;C:\Program Files\JetBrains\PyCharm 2023.1\bin;;C:\Users\Shobusen\Downloads\sts-4.17.2.RELEASE;
USERNAME=Shobusen
OS=Windows_NT
PROCESSOR_IDENTIFIER=Intel64 Family 6 Model 140 Stepping 1, GenuineIntel
TMP=C:\Users\Shobusen\AppData\Local\Temp
TEMP=C:\Users\Shobusen\AppData\Local\Temp



---------------  S Y S T E M  ---------------

OS:
 Windows 11 , 64 bit Build 22621 (10.0.22621.2428)
OS uptime: 5 days 4:16 hours
Hyper-V role detected

CPU: total 8 (initial active 8) (4 cores per cpu, 2 threads per core) family 6 model 140 stepping 1 microcode 0x8a, cx8, cmov, fxsr, ht, mmx, 3dnowpref, sse, sse2, sse3, ssse3, sse4.1, sse4.2, popcnt, lzcnt, tsc, tscinvbit, avx, avx2, aes, erms, clmul, bmi1, bmi2, adx, avx512f, avx512dq, avx512cd, avx512bw, avx512vl, sha, fma, vzeroupper, avx512_vpopcntdq, avx512_vpclmulqdq, avx512_vaes, avx512_vnni, clflush, clflushopt, clwb, avx512_vbmi2, avx512_vbmi, hv

Memory: 4k page, system-wide physical 16167M (1379M free)
TotalPageFile size 20575M (AvailPageFile size 324M)
current process WorkingSet (physical memory assigned to process): 293M, peak: 299M
current process commit charge ("private bytes"): 437M, peak: 446M

vm_info: OpenJDK 64-Bit Server VM (17.0.6+10) for windows-amd64 JRE (17.0.6+10), built on Jan 18 2023 10:08:59 by "temurin" with MS VC++ 16.7 (VS2019)

END.
