#
# There is insufficient memory for the Java Runtime Environment to continue.
# Native memory allocation (malloc) failed to allocate 849136 bytes for Chunk::new
# Possible reasons:
#   The system is out of physical RAM or swap space
#   The process is running with CompressedOops enabled, and the Java Heap may be blocking the growth of the native heap
# Possible solutions:
#   Reduce memory load on the system
#   Increase physical memory or swap space
#   Check if swap backing store is full
#   Decrease Java heap size (-Xmx/-Xms)
#   Decrease number of Java threads
#   Decrease Java thread stack sizes (-Xss)
#   Set larger code cache with -XX:ReservedCodeCacheSize=
#   JVM is running with Zero Based Compressed Oops mode in which the Java heap is
#     placed in the first 32GB address space. The Java Heap base address is the
#     maximum limit for the native heap growth. Please use -XX:HeapBaseMinAddress
#     to set the Java Heap base and to place the Java Heap above 32GB virtual address.
# This output file may be truncated or incomplete.
#
#  Out of Memory Error (arena.cpp:189), pid=24140, tid=12320
#
# JRE version: OpenJDK Runtime Environment Temurin-17.0.6+10 (17.0.6+10) (build 17.0.6+10)
# Java VM: OpenJDK 64-Bit Server VM Temurin-17.0.6+10 (17.0.6+10, mixed mode, tiered, compressed oops, compressed class ptrs, g1 gc, windows-amd64)
# No core dump will be written. Minidumps are not enabled by default on client versions of Windows
#

---------------  S U M M A R Y ------------

Command Line: C:\Users\Shobusen\AppData\Local\Temp\surefire16406981315701285599\surefirebooter-20231021224912926_3.jar C:\Users\Shobusen\AppData\Local\Temp\surefire16406981315701285599 2023-10-21T22-49-12_695-jvmRun1 surefire-20231021224912926_1tmp surefire_0-20231021224912926_2tmp

Host: 11th Gen Intel(R) Core(TM) i5-1135G7 @ 2.40GHz, 8 cores, 15G,  Windows 11 , 64 bit Build 22621 (10.0.22621.2428)
Time: Sat Oct 21 22:49:14 2023 India Standard Time elapsed time: 1.252822 seconds (0d 0h 0m 1s)

---------------  T H R E A D  ---------------

Current thread (0x000002140728dae0):  JavaThread "C2 CompilerThread1" daemon [_thread_in_native, id=12320, stack(0x000000242fa00000,0x000000242fb00000)]


Current CompileTask:
C2:   1252 1511       4       jdk.internal.org.objectweb.asm.Frame::execute (2305 bytes)

Stack: [0x000000242fa00000,0x000000242fb00000]
Native frames: (J=compiled Java code, j=interpreted, Vv=VM code, C=native code)
V  [jvm.dll+0x67741a]
V  [jvm.dll+0x834434]
V  [jvm.dll+0x835bde]
V  [jvm.dll+0x836243]
V  [jvm.dll+0x2457b5]
V  [jvm.dll+0xabafc]
V  [jvm.dll+0xac0cc]
V  [jvm.dll+0x2ac94f]
V  [jvm.dll+0x57de47]
V  [jvm.dll+0x220812]
V  [jvm.dll+0x220bef]
V  [jvm.dll+0x21a445]
V  [jvm.dll+0x21790b]
V  [jvm.dll+0x1a3d0d]
V  [jvm.dll+0x22742a]
V  [jvm.dll+0x225565]
V  [jvm.dll+0x7ea2cb]
V  [jvm.dll+0x7e483a]
V  [jvm.dll+0x6762c5]
C  [ucrtbase.dll+0x29363]
C  [KERNEL32.DLL+0x1257d]
C  [ntdll.dll+0x5aa78]


---------------  P R O C E S S  ---------------

Threads class SMR info:
_java_thread_list=0x0000021407112800, length=16, elements={
0x0000021466bd8c30, 0x000002147f73e170, 0x000002147f73e930, 0x0000021406846410,
0x0000021406890010, 0x0000021406892cf0, 0x00000214068a9d40, 0x0000021406893eb0,
0x0000021406894950, 0x0000021406895340, 0x00000214068aabb0, 0x00000214068aa210,
0x00000214068a8ed0, 0x00000214068aba20, 0x000002140728dae0, 0x00000214074f99b0
}

Java Threads: ( => current thread )
  0x0000021466bd8c30 JavaThread "main" [_thread_in_vm, id=17636, stack(0x000000242e500000,0x000000242e600000)]
  0x000002147f73e170 JavaThread "Reference Handler" daemon [_thread_blocked, id=10376, stack(0x000000242ec00000,0x000000242ed00000)]
  0x000002147f73e930 JavaThread "Finalizer" daemon [_thread_blocked, id=21180, stack(0x000000242ed00000,0x000000242ee00000)]
  0x0000021406846410 JavaThread "Signal Dispatcher" daemon [_thread_blocked, id=17296, stack(0x000000242ee00000,0x000000242ef00000)]
  0x0000021406890010 JavaThread "Attach Listener" daemon [_thread_blocked, id=24076, stack(0x000000242ef00000,0x000000242f000000)]
  0x0000021406892cf0 JavaThread "Service Thread" daemon [_thread_blocked, id=12888, stack(0x000000242f000000,0x000000242f100000)]
  0x00000214068a9d40 JavaThread "Monitor Deflation Thread" daemon [_thread_blocked, id=14680, stack(0x000000242f100000,0x000000242f200000)]
  0x0000021406893eb0 JavaThread "C2 CompilerThread0" daemon [_thread_blocked, id=15996, stack(0x000000242f200000,0x000000242f300000)]
  0x0000021406894950 JavaThread "C1 CompilerThread0" daemon [_thread_blocked, id=3540, stack(0x000000242f300000,0x000000242f400000)]
  0x0000021406895340 JavaThread "Sweeper thread" daemon [_thread_blocked, id=23640, stack(0x000000242f400000,0x000000242f500000)]
  0x00000214068aabb0 JavaThread "Notification Thread" daemon [_thread_blocked, id=3412, stack(0x000000242f500000,0x000000242f600000)]
  0x00000214068aa210 JavaThread "Common-Cleaner" daemon [_thread_blocked, id=14300, stack(0x000000242f700000,0x000000242f800000)]
  0x00000214068a8ed0 JavaThread "surefire-forkedjvm-stream-flusher" daemon [_thread_blocked, id=25596, stack(0x000000242f800000,0x000000242f900000)]
  0x00000214068aba20 JavaThread "surefire-forkedjvm-command-thread" daemon [_thread_in_native, id=24772, stack(0x000000242f900000,0x000000242fa00000)]
=>0x000002140728dae0 JavaThread "C2 CompilerThread1" daemon [_thread_in_native, id=12320, stack(0x000000242fa00000,0x000000242fb00000)]
  0x00000214074f99b0 JavaThread "C2 CompilerThread2" daemon [_thread_blocked, id=24608, stack(0x000000242fb00000,0x000000242fc00000)]

Other Threads:
  0x000002147f7227c0 VMThread "VM Thread" [stack: 0x000000242eb00000,0x000000242ec00000] [id=7276]
  0x0000021466c5f130 WatcherThread [stack: 0x000000242f600000,0x000000242f700000] [id=24984]
  0x0000021466c46d30 GCTaskThread "GC Thread#0" [stack: 0x000000242e600000,0x000000242e700000] [id=1732]
  0x00000214085ceda0 GCTaskThread "GC Thread#1" [stack: 0x000000242fc00000,0x000000242fd00000] [id=16400]
  0x00000214085cf050 GCTaskThread "GC Thread#2" [stack: 0x000000242fd00000,0x000000242fe00000] [id=12908]
  0x000002140838c800 GCTaskThread "GC Thread#3" [stack: 0x000000242fe00000,0x000000242ff00000] [id=21228]
  0x000002140838cab0 GCTaskThread "GC Thread#4" [stack: 0x000000242ff00000,0x0000002430000000] [id=4044]
  0x000002140838d570 GCTaskThread "GC Thread#5" [stack: 0x0000002430000000,0x0000002430100000] [id=24916]
  0x00000214085d54f0 GCTaskThread "GC Thread#6" [stack: 0x0000002430100000,0x0000002430200000] [id=22280]
  0x0000021466c577a0 ConcurrentGCThread "G1 Main Marker" [stack: 0x000000242e700000,0x000000242e800000] [id=17544]
  0x0000021466c58050 ConcurrentGCThread "G1 Conc#0" [stack: 0x000000242e800000,0x000000242e900000] [id=22632]
  0x0000021466c9d220 ConcurrentGCThread "G1 Refine#0" [stack: 0x000000242e900000,0x000000242ea00000] [id=25352]
  0x0000021466c9dae0 ConcurrentGCThread "G1 Service" [stack: 0x000000242ea00000,0x000000242eb00000] [id=23028]

Threads with active compile tasks:
C2 CompilerThread1     1269 1511       4       jdk.internal.org.objectweb.asm.Frame::execute (2305 bytes)

VM state: not at safepoint (normal execution)

VM Mutex/Monitor currently owned by a thread: None

Heap address: 0x0000000703600000, size: 4042 MB, Compressed Oops mode: Zero based, Oop shift amount: 3

CDS archive(s) not mapped
Compressed class space mapped at: 0x0000000800000000-0x0000000840000000, reserved size: 1073741824
Narrow klass base: 0x0000000800000000, Narrow klass shift: 0, Narrow klass range: 0x40000000

GC Precious Log:
 CPUs: 8 total, 8 available
 Memory: 16167M
 Large Page Support: Disabled
 NUMA Support: Disabled
 Compressed Oops: Enabled (Zero based)
 Heap Region Size: 2M
 Heap Min Capacity: 8M
 Heap Initial Capacity: 254M
 Heap Max Capacity: 4042M
 Pre-touch: Disabled
 Parallel Workers: 8
 Concurrent Workers: 2
 Concurrent Refinement Workers: 8
 Periodic GC: Disabled

Heap:
 garbage-first heap   total 260096K, used 27675K [0x0000000703600000, 0x0000000800000000)
  region size 2048K, 13 young (26624K), 2 survivors (4096K)
 Metaspace       used 18761K, committed 19008K, reserved 1073152K
  class space    used 2032K, committed 2112K, reserved 1048576K

Heap Regions: E=young(eden), S=young(survivor), O=old, HS=humongous(starts), HC=humongous(continues), CS=collection set, F=free, OA=open archive, CA=closed archive, TAMS=top-at-mark-start (previous, next)
|   0|0x0000000703600000, 0x0000000703800000, 0x0000000703800000|100%| O|  |TAMS 0x0000000703600000, 0x0000000703600000| Untracked 
|   1|0x0000000703800000, 0x0000000703906e00, 0x0000000703a00000| 51%| O|  |TAMS 0x0000000703800000, 0x0000000703800000| Untracked 
|   2|0x0000000703a00000, 0x0000000703a00000, 0x0000000703c00000|  0%| F|  |TAMS 0x0000000703a00000, 0x0000000703a00000| Untracked 
|   3|0x0000000703c00000, 0x0000000703c00000, 0x0000000703e00000|  0%| F|  |TAMS 0x0000000703c00000, 0x0000000703c00000| Untracked 
|   4|0x0000000703e00000, 0x0000000703e00000, 0x0000000704000000|  0%| F|  |TAMS 0x0000000703e00000, 0x0000000703e00000| Untracked 
|   5|0x0000000704000000, 0x0000000704000000, 0x0000000704200000|  0%| F|  |TAMS 0x0000000704000000, 0x0000000704000000| Untracked 
|   6|0x0000000704200000, 0x0000000704200000, 0x0000000704400000|  0%| F|  |TAMS 0x0000000704200000, 0x0000000704200000| Untracked 
|   7|0x0000000704400000, 0x0000000704400000, 0x0000000704600000|  0%| F|  |TAMS 0x0000000704400000, 0x0000000704400000| Untracked 
|   8|0x0000000704600000, 0x0000000704600000, 0x0000000704800000|  0%| F|  |TAMS 0x0000000704600000, 0x0000000704600000| Untracked 
|   9|0x0000000704800000, 0x0000000704800000, 0x0000000704a00000|  0%| F|  |TAMS 0x0000000704800000, 0x0000000704800000| Untracked 
|  10|0x0000000704a00000, 0x0000000704a00000, 0x0000000704c00000|  0%| F|  |TAMS 0x0000000704a00000, 0x0000000704a00000| Untracked 
|  11|0x0000000704c00000, 0x0000000704c00000, 0x0000000704e00000|  0%| F|  |TAMS 0x0000000704c00000, 0x0000000704c00000| Untracked 
|  12|0x0000000704e00000, 0x0000000704e00000, 0x0000000705000000|  0%| F|  |TAMS 0x0000000704e00000, 0x0000000704e00000| Untracked 
|  13|0x0000000705000000, 0x0000000705000000, 0x0000000705200000|  0%| F|  |TAMS 0x0000000705000000, 0x0000000705000000| Untracked 
|  14|0x0000000705200000, 0x0000000705200000, 0x0000000705400000|  0%| F|  |TAMS 0x0000000705200000, 0x0000000705200000| Untracked 
|  15|0x0000000705400000, 0x0000000705400000, 0x0000000705600000|  0%| F|  |TAMS 0x0000000705400000, 0x0000000705400000| Untracked 
|  16|0x0000000705600000, 0x0000000705600000, 0x0000000705800000|  0%| F|  |TAMS 0x0000000705600000, 0x0000000705600000| Untracked 
|  17|0x0000000705800000, 0x0000000705800000, 0x0000000705a00000|  0%| F|  |TAMS 0x0000000705800000, 0x0000000705800000| Untracked 
|  18|0x0000000705a00000, 0x0000000705a00000, 0x0000000705c00000|  0%| F|  |TAMS 0x0000000705a00000, 0x0000000705a00000| Untracked 
|  19|0x0000000705c00000, 0x0000000705c00000, 0x0000000705e00000|  0%| F|  |TAMS 0x0000000705c00000, 0x0000000705c00000| Untracked 
|  20|0x0000000705e00000, 0x0000000705e00000, 0x0000000706000000|  0%| F|  |TAMS 0x0000000705e00000, 0x0000000705e00000| Untracked 
|  21|0x0000000706000000, 0x0000000706000000, 0x0000000706200000|  0%| F|  |TAMS 0x0000000706000000, 0x0000000706000000| Untracked 
|  22|0x0000000706200000, 0x0000000706200000, 0x0000000706400000|  0%| F|  |TAMS 0x0000000706200000, 0x0000000706200000| Untracked 
|  23|0x0000000706400000, 0x0000000706400000, 0x0000000706600000|  0%| F|  |TAMS 0x0000000706400000, 0x0000000706400000| Untracked 
|  24|0x0000000706600000, 0x0000000706600000, 0x0000000706800000|  0%| F|  |TAMS 0x0000000706600000, 0x0000000706600000| Untracked 
|  25|0x0000000706800000, 0x0000000706800000, 0x0000000706a00000|  0%| F|  |TAMS 0x0000000706800000, 0x0000000706800000| Untracked 
|  26|0x0000000706a00000, 0x0000000706a00000, 0x0000000706c00000|  0%| F|  |TAMS 0x0000000706a00000, 0x0000000706a00000| Untracked 
|  27|0x0000000706c00000, 0x0000000706c00000, 0x0000000706e00000|  0%| F|  |TAMS 0x0000000706c00000, 0x0000000706c00000| Untracked 
|  28|0x0000000706e00000, 0x0000000706e00000, 0x0000000707000000|  0%| F|  |TAMS 0x0000000706e00000, 0x0000000706e00000| Untracked 
|  29|0x0000000707000000, 0x0000000707000000, 0x0000000707200000|  0%| F|  |TAMS 0x0000000707000000, 0x0000000707000000| Untracked 
|  30|0x0000000707200000, 0x0000000707200000, 0x0000000707400000|  0%| F|  |TAMS 0x0000000707200000, 0x0000000707200000| Untracked 
|  31|0x0000000707400000, 0x0000000707400000, 0x0000000707600000|  0%| F|  |TAMS 0x0000000707400000, 0x0000000707400000| Untracked 
|  32|0x0000000707600000, 0x0000000707600000, 0x0000000707800000|  0%| F|  |TAMS 0x0000000707600000, 0x0000000707600000| Untracked 
|  33|0x0000000707800000, 0x0000000707800000, 0x0000000707a00000|  0%| F|  |TAMS 0x0000000707800000, 0x0000000707800000| Untracked 
|  34|0x0000000707a00000, 0x0000000707a00000, 0x0000000707c00000|  0%| F|  |TAMS 0x0000000707a00000, 0x0000000707a00000| Untracked 
|  35|0x0000000707c00000, 0x0000000707c00000, 0x0000000707e00000|  0%| F|  |TAMS 0x0000000707c00000, 0x0000000707c00000| Untracked 
|  36|0x0000000707e00000, 0x0000000707e00000, 0x0000000708000000|  0%| F|  |TAMS 0x0000000707e00000, 0x0000000707e00000| Untracked 
|  37|0x0000000708000000, 0x0000000708000000, 0x0000000708200000|  0%| F|  |TAMS 0x0000000708000000, 0x0000000708000000| Untracked 
|  38|0x0000000708200000, 0x0000000708200000, 0x0000000708400000|  0%| F|  |TAMS 0x0000000708200000, 0x0000000708200000| Untracked 
|  39|0x0000000708400000, 0x0000000708400000, 0x0000000708600000|  0%| F|  |TAMS 0x0000000708400000, 0x0000000708400000| Untracked 
|  40|0x0000000708600000, 0x0000000708600000, 0x0000000708800000|  0%| F|  |TAMS 0x0000000708600000, 0x0000000708600000| Untracked 
|  41|0x0000000708800000, 0x0000000708800000, 0x0000000708a00000|  0%| F|  |TAMS 0x0000000708800000, 0x0000000708800000| Untracked 
|  42|0x0000000708a00000, 0x0000000708a00000, 0x0000000708c00000|  0%| F|  |TAMS 0x0000000708a00000, 0x0000000708a00000| Untracked 
|  43|0x0000000708c00000, 0x0000000708c00000, 0x0000000708e00000|  0%| F|  |TAMS 0x0000000708c00000, 0x0000000708c00000| Untracked 
|  44|0x0000000708e00000, 0x0000000708e00000, 0x0000000709000000|  0%| F|  |TAMS 0x0000000708e00000, 0x0000000708e00000| Untracked 
|  45|0x0000000709000000, 0x0000000709000000, 0x0000000709200000|  0%| F|  |TAMS 0x0000000709000000, 0x0000000709000000| Untracked 
|  46|0x0000000709200000, 0x0000000709200000, 0x0000000709400000|  0%| F|  |TAMS 0x0000000709200000, 0x0000000709200000| Untracked 
|  47|0x0000000709400000, 0x0000000709400000, 0x0000000709600000|  0%| F|  |TAMS 0x0000000709400000, 0x0000000709400000| Untracked 
|  48|0x0000000709600000, 0x0000000709600000, 0x0000000709800000|  0%| F|  |TAMS 0x0000000709600000, 0x0000000709600000| Untracked 
|  49|0x0000000709800000, 0x0000000709800000, 0x0000000709a00000|  0%| F|  |TAMS 0x0000000709800000, 0x0000000709800000| Untracked 
|  50|0x0000000709a00000, 0x0000000709a00000, 0x0000000709c00000|  0%| F|  |TAMS 0x0000000709a00000, 0x0000000709a00000| Untracked 
|  51|0x0000000709c00000, 0x0000000709c00000, 0x0000000709e00000|  0%| F|  |TAMS 0x0000000709c00000, 0x0000000709c00000| Untracked 
|  52|0x0000000709e00000, 0x0000000709e00000, 0x000000070a000000|  0%| F|  |TAMS 0x0000000709e00000, 0x0000000709e00000| Untracked 
|  53|0x000000070a000000, 0x000000070a000000, 0x000000070a200000|  0%| F|  |TAMS 0x000000070a000000, 0x000000070a000000| Untracked 
|  54|0x000000070a200000, 0x000000070a200000, 0x000000070a400000|  0%| F|  |TAMS 0x000000070a200000, 0x000000070a200000| Untracked 
|  55|0x000000070a400000, 0x000000070a400000, 0x000000070a600000|  0%| F|  |TAMS 0x000000070a400000, 0x000000070a400000| Untracked 
|  56|0x000000070a600000, 0x000000070a600000, 0x000000070a800000|  0%| F|  |TAMS 0x000000070a600000, 0x000000070a600000| Untracked 
|  57|0x000000070a800000, 0x000000070a800000, 0x000000070aa00000|  0%| F|  |TAMS 0x000000070a800000, 0x000000070a800000| Untracked 
|  58|0x000000070aa00000, 0x000000070aa00000, 0x000000070ac00000|  0%| F|  |TAMS 0x000000070aa00000, 0x000000070aa00000| Untracked 
|  59|0x000000070ac00000, 0x000000070ac00000, 0x000000070ae00000|  0%| F|  |TAMS 0x000000070ac00000, 0x000000070ac00000| Untracked 
|  60|0x000000070ae00000, 0x000000070ae00000, 0x000000070b000000|  0%| F|  |TAMS 0x000000070ae00000, 0x000000070ae00000| Untracked 
|  61|0x000000070b000000, 0x000000070b000000, 0x000000070b200000|  0%| F|  |TAMS 0x000000070b000000, 0x000000070b000000| Untracked 
|  62|0x000000070b200000, 0x000000070b200000, 0x000000070b400000|  0%| F|  |TAMS 0x000000070b200000, 0x000000070b200000| Untracked 
|  63|0x000000070b400000, 0x000000070b400000, 0x000000070b600000|  0%| F|  |TAMS 0x000000070b400000, 0x000000070b400000| Untracked 
|  64|0x000000070b600000, 0x000000070b600000, 0x000000070b800000|  0%| F|  |TAMS 0x000000070b600000, 0x000000070b600000| Untracked 
|  65|0x000000070b800000, 0x000000070b800000, 0x000000070ba00000|  0%| F|  |TAMS 0x000000070b800000, 0x000000070b800000| Untracked 
|  66|0x000000070ba00000, 0x000000070ba00000, 0x000000070bc00000|  0%| F|  |TAMS 0x000000070ba00000, 0x000000070ba00000| Untracked 
|  67|0x000000070bc00000, 0x000000070bc00000, 0x000000070be00000|  0%| F|  |TAMS 0x000000070bc00000, 0x000000070bc00000| Untracked 
|  68|0x000000070be00000, 0x000000070be00000, 0x000000070c000000|  0%| F|  |TAMS 0x000000070be00000, 0x000000070be00000| Untracked 
|  69|0x000000070c000000, 0x000000070c000000, 0x000000070c200000|  0%| F|  |TAMS 0x000000070c000000, 0x000000070c000000| Untracked 
|  70|0x000000070c200000, 0x000000070c200000, 0x000000070c400000|  0%| F|  |TAMS 0x000000070c200000, 0x000000070c200000| Untracked 
|  71|0x000000070c400000, 0x000000070c400000, 0x000000070c600000|  0%| F|  |TAMS 0x000000070c400000, 0x000000070c400000| Untracked 
|  72|0x000000070c600000, 0x000000070c600000, 0x000000070c800000|  0%| F|  |TAMS 0x000000070c600000, 0x000000070c600000| Untracked 
|  73|0x000000070c800000, 0x000000070c800000, 0x000000070ca00000|  0%| F|  |TAMS 0x000000070c800000, 0x000000070c800000| Untracked 
|  74|0x000000070ca00000, 0x000000070ca00000, 0x000000070cc00000|  0%| F|  |TAMS 0x000000070ca00000, 0x000000070ca00000| Untracked 
|  75|0x000000070cc00000, 0x000000070cc00000, 0x000000070ce00000|  0%| F|  |TAMS 0x000000070cc00000, 0x000000070cc00000| Untracked 
|  76|0x000000070ce00000, 0x000000070ce00000, 0x000000070d000000|  0%| F|  |TAMS 0x000000070ce00000, 0x000000070ce00000| Untracked 
|  77|0x000000070d000000, 0x000000070d000000, 0x000000070d200000|  0%| F|  |TAMS 0x000000070d000000, 0x000000070d000000| Untracked 
|  78|0x000000070d200000, 0x000000070d200000, 0x000000070d400000|  0%| F|  |TAMS 0x000000070d200000, 0x000000070d200000| Untracked 
|  79|0x000000070d400000, 0x000000070d400000, 0x000000070d600000|  0%| F|  |TAMS 0x000000070d400000, 0x000000070d400000| Untracked 
|  80|0x000000070d600000, 0x000000070d600000, 0x000000070d800000|  0%| F|  |TAMS 0x000000070d600000, 0x000000070d600000| Untracked 
|  81|0x000000070d800000, 0x000000070d800000, 0x000000070da00000|  0%| F|  |TAMS 0x000000070d800000, 0x000000070d800000| Untracked 
|  82|0x000000070da00000, 0x000000070da00000, 0x000000070dc00000|  0%| F|  |TAMS 0x000000070da00000, 0x000000070da00000| Untracked 
|  83|0x000000070dc00000, 0x000000070dc00000, 0x000000070de00000|  0%| F|  |TAMS 0x000000070dc00000, 0x000000070dc00000| Untracked 
|  84|0x000000070de00000, 0x000000070de00000, 0x000000070e000000|  0%| F|  |TAMS 0x000000070de00000, 0x000000070de00000| Untracked 
|  85|0x000000070e000000, 0x000000070e000000, 0x000000070e200000|  0%| F|  |TAMS 0x000000070e000000, 0x000000070e000000| Untracked 
|  86|0x000000070e200000, 0x000000070e200000, 0x000000070e400000|  0%| F|  |TAMS 0x000000070e200000, 0x000000070e200000| Untracked 
|  87|0x000000070e400000, 0x000000070e400000, 0x000000070e600000|  0%| F|  |TAMS 0x000000070e400000, 0x000000070e400000| Untracked 
|  88|0x000000070e600000, 0x000000070e600000, 0x000000070e800000|  0%| F|  |TAMS 0x000000070e600000, 0x000000070e600000| Untracked 
|  89|0x000000070e800000, 0x000000070e800000, 0x000000070ea00000|  0%| F|  |TAMS 0x000000070e800000, 0x000000070e800000| Untracked 
|  90|0x000000070ea00000, 0x000000070ea00000, 0x000000070ec00000|  0%| F|  |TAMS 0x000000070ea00000, 0x000000070ea00000| Untracked 
|  91|0x000000070ec00000, 0x000000070ec00000, 0x000000070ee00000|  0%| F|  |TAMS 0x000000070ec00000, 0x000000070ec00000| Untracked 
|  92|0x000000070ee00000, 0x000000070ee00000, 0x000000070f000000|  0%| F|  |TAMS 0x000000070ee00000, 0x000000070ee00000| Untracked 
|  93|0x000000070f000000, 0x000000070f000000, 0x000000070f200000|  0%| F|  |TAMS 0x000000070f000000, 0x000000070f000000| Untracked 
|  94|0x000000070f200000, 0x000000070f200000, 0x000000070f400000|  0%| F|  |TAMS 0x000000070f200000, 0x000000070f200000| Untracked 
|  95|0x000000070f400000, 0x000000070f400000, 0x000000070f600000|  0%| F|  |TAMS 0x000000070f400000, 0x000000070f400000| Untracked 
|  96|0x000000070f600000, 0x000000070f600000, 0x000000070f800000|  0%| F|  |TAMS 0x000000070f600000, 0x000000070f600000| Untracked 
|  97|0x000000070f800000, 0x000000070f800000, 0x000000070fa00000|  0%| F|  |TAMS 0x000000070f800000, 0x000000070f800000| Untracked 
|  98|0x000000070fa00000, 0x000000070fa00000, 0x000000070fc00000|  0%| F|  |TAMS 0x000000070fa00000, 0x000000070fa00000| Untracked 
|  99|0x000000070fc00000, 0x000000070fc00000, 0x000000070fe00000|  0%| F|  |TAMS 0x000000070fc00000, 0x000000070fc00000| Untracked 
| 100|0x000000070fe00000, 0x000000070fe00000, 0x0000000710000000|  0%| F|  |TAMS 0x000000070fe00000, 0x000000070fe00000| Untracked 
| 101|0x0000000710000000, 0x0000000710000000, 0x0000000710200000|  0%| F|  |TAMS 0x0000000710000000, 0x0000000710000000| Untracked 
| 102|0x0000000710200000, 0x0000000710200000, 0x0000000710400000|  0%| F|  |TAMS 0x0000000710200000, 0x0000000710200000| Untracked 
| 103|0x0000000710400000, 0x0000000710400000, 0x0000000710600000|  0%| F|  |TAMS 0x0000000710400000, 0x0000000710400000| Untracked 
| 104|0x0000000710600000, 0x0000000710600000, 0x0000000710800000|  0%| F|  |TAMS 0x0000000710600000, 0x0000000710600000| Untracked 
| 105|0x0000000710800000, 0x0000000710800000, 0x0000000710a00000|  0%| F|  |TAMS 0x0000000710800000, 0x0000000710800000| Untracked 
| 106|0x0000000710a00000, 0x0000000710a00000, 0x0000000710c00000|  0%| F|  |TAMS 0x0000000710a00000, 0x0000000710a00000| Untracked 
| 107|0x0000000710c00000, 0x0000000710c00000, 0x0000000710e00000|  0%| F|  |TAMS 0x0000000710c00000, 0x0000000710c00000| Untracked 
| 108|0x0000000710e00000, 0x0000000710e00000, 0x0000000711000000|  0%| F|  |TAMS 0x0000000710e00000, 0x0000000710e00000| Untracked 
| 109|0x0000000711000000, 0x0000000711000000, 0x0000000711200000|  0%| F|  |TAMS 0x0000000711000000, 0x0000000711000000| Untracked 
| 110|0x0000000711200000, 0x0000000711200000, 0x0000000711400000|  0%| F|  |TAMS 0x0000000711200000, 0x0000000711200000| Untracked 
| 111|0x0000000711400000, 0x0000000711400000, 0x0000000711600000|  0%| F|  |TAMS 0x0000000711400000, 0x0000000711400000| Untracked 
| 112|0x0000000711600000, 0x0000000711600000, 0x0000000711800000|  0%| F|  |TAMS 0x0000000711600000, 0x0000000711600000| Untracked 
| 113|0x0000000711800000, 0x0000000711800000, 0x0000000711a00000|  0%| F|  |TAMS 0x0000000711800000, 0x0000000711800000| Untracked 
| 114|0x0000000711a00000, 0x0000000711c00000, 0x0000000711c00000|100%| S|CS|TAMS 0x0000000711a00000, 0x0000000711a00000| Complete 
| 115|0x0000000711c00000, 0x0000000711e00000, 0x0000000711e00000|100%| S|CS|TAMS 0x0000000711c00000, 0x0000000711c00000| Complete 
| 116|0x0000000711e00000, 0x0000000711eec1f8, 0x0000000712000000| 46%| E|  |TAMS 0x0000000711e00000, 0x0000000711e00000| Complete 
| 117|0x0000000712000000, 0x0000000712200000, 0x0000000712200000|100%| E|CS|TAMS 0x0000000712000000, 0x0000000712000000| Complete 
| 118|0x0000000712200000, 0x0000000712400000, 0x0000000712400000|100%| E|CS|TAMS 0x0000000712200000, 0x0000000712200000| Complete 
| 119|0x0000000712400000, 0x0000000712600000, 0x0000000712600000|100%| E|CS|TAMS 0x0000000712400000, 0x0000000712400000| Complete 
| 120|0x0000000712600000, 0x0000000712800000, 0x0000000712800000|100%| E|CS|TAMS 0x0000000712600000, 0x0000000712600000| Complete 
| 121|0x0000000712800000, 0x0000000712a00000, 0x0000000712a00000|100%| E|CS|TAMS 0x0000000712800000, 0x0000000712800000| Complete 
| 122|0x0000000712a00000, 0x0000000712c00000, 0x0000000712c00000|100%| E|CS|TAMS 0x0000000712a00000, 0x0000000712a00000| Complete 
| 123|0x0000000712c00000, 0x0000000712e00000, 0x0000000712e00000|100%| E|CS|TAMS 0x0000000712c00000, 0x0000000712c00000| Complete 
| 124|0x0000000712e00000, 0x0000000713000000, 0x0000000713000000|100%| E|CS|TAMS 0x0000000712e00000, 0x0000000712e00000| Complete 
| 125|0x0000000713000000, 0x0000000713200000, 0x0000000713200000|100%| E|CS|TAMS 0x0000000713000000, 0x0000000713000000| Complete 
| 126|0x0000000713200000, 0x0000000713400000, 0x0000000713400000|100%| E|CS|TAMS 0x0000000713200000, 0x0000000713200000| Complete 

Card table byte_map: [0x0000021479db0000,0x000002147a5a0000] _byte_map_base: 0x0000021476595000

Marking Bits (Prev, Next): (CMBitMap*) 0x0000021466c471e0, (CMBitMap*) 0x0000021466c47220
 Prev Bits: [0x000002147ad90000, 0x000002147ecb8000)
 Next Bits: [0x0000021400000000, 0x0000021403f28000)

Polling page: 0x00000214663a0000

Metaspace:

Usage:
  Non-class:     16.36 MB used.
      Class:      1.99 MB used.
       Both:     18.35 MB used.

Virtual space:
  Non-class space:       24.00 MB reserved,      16.50 MB ( 69%) committed,  3 nodes.
      Class space:        1.00 GB reserved,       2.12 MB ( <1%) committed,  1 nodes.
             Both:        1.02 GB reserved,      18.62 MB (  2%) committed. 

Chunk freelists:
   Non-Class:  3.39 MB
       Class:  1.92 MB
        Both:  5.31 MB

MaxMetaspaceSize: unlimited
CompressedClassSpaceSize: 1.00 GB
Initial GC threshold: 21.00 MB
Current GC threshold: 21.00 MB
CDS: off
MetaspaceReclaimPolicy: balanced
 - commit_granule_bytes: 65536.
 - commit_granule_words: 8192.
 - virtual_space_node_default_size: 1048576.
 - enlarge_chunks_in_place: 1.
 - new_chunks_are_fully_committed: 0.
 - uncommit_free_chunks: 1.
 - use_allocation_guard: 0.
 - handle_deallocations: 1.


Internal statistics:

num_allocs_failed_limit: 0.
num_arena_births: 162.
num_arena_deaths: 0.
num_vsnodes_births: 4.
num_vsnodes_deaths: 0.
num_space_committed: 298.
num_space_uncommitted: 0.
num_chunks_returned_to_freelist: 0.
num_chunks_taken_from_freelist: 535.
num_chunk_merges: 0.
num_chunk_splits: 302.
num_chunks_enlarged: 203.
num_purges: 0.
num_inconsistent_stats: 0.

CodeHeap 'non-profiled nmethods': size=120000Kb used=629Kb max_used=629Kb free=119370Kb
 bounds [0x0000021471d60000, 0x0000021471fd0000, 0x0000021479290000]
CodeHeap 'profiled nmethods': size=120000Kb used=3039Kb max_used=3039Kb free=116960Kb
 bounds [0x000002146a290000, 0x000002146a590000, 0x00000214717c0000]
CodeHeap 'non-nmethods': size=5760Kb used=1196Kb max_used=1226Kb free=4563Kb
 bounds [0x00000214717c0000, 0x0000021471a30000, 0x0000021471d60000]
 total_blobs=2038 nmethods=1554 adapters=397
 compilation: enabled
              stopped_count=0, restarted_count=0
 full_count=0

Compilation events (20 events):
Event: 1.215 Thread 0x0000021406894950 nmethod 1539 0x0000021471df3d90 code [0x0000021471df3f20, 0x0000021471df3ff8]
Event: 1.216 Thread 0x0000021406893eb0 nmethod 1501 0x0000021471df4090 code [0x0000021471df4260, 0x0000021471df5028]
Event: 1.222 Thread 0x0000021406894950 1540       3       java.util.Collections$UnmodifiableCollection$1::next (10 bytes)
Event: 1.222 Thread 0x0000021406894950 nmethod 1540 0x000002146a584490 code [0x000002146a584640, 0x000002146a584828]
Event: 1.224 Thread 0x0000021406894950 1542       3       jdk.internal.loader.URLClassPath::getResource (74 bytes)
Event: 1.224 Thread 0x0000021406894950 nmethod 1542 0x000002146a584910 code [0x000002146a584ae0, 0x000002146a584e38]
Event: 1.227 Thread 0x00000214074f99b0 nmethod 1510 0x0000021471df5a10 code [0x0000021471df5be0, 0x0000021471df6f88]
Event: 1.228 Thread 0x00000214074f99b0 1543   !   4       java.util.zip.ZipFile::getEntry (59 bytes)
Event: 1.228 Thread 0x0000021406893eb0 1544       4       java.util.zip.ZipCoder::hash (36 bytes)
Event: 1.232 Thread 0x0000021406893eb0 nmethod 1544 0x0000021471df7a10 code [0x0000021471df7ba0, 0x0000021471df7e68]
Event: 1.232 Thread 0x0000021406893eb0 1546   !   4       java.util.zip.ZipFile$Source::getEntryPos (173 bytes)
Event: 1.235 Thread 0x0000021406894950 1547       3       java.util.zip.ZipEntry::<init> (84 bytes)
Event: 1.235 Thread 0x0000021406894950 nmethod 1547 0x000002146a584f90 code [0x000002146a585180, 0x000002146a585718]
Event: 1.242 Thread 0x0000021406893eb0 nmethod 1546 0x0000021471df8110 code [0x0000021471df82e0, 0x0000021471df8d38]
Event: 1.242 Thread 0x0000021406893eb0 1548       4       java.lang.String::indexOf (64 bytes)
Event: 1.243 Thread 0x0000021406893eb0 nmethod 1548 0x0000021471df9590 code [0x0000021471df9700, 0x0000021471df9938]
Event: 1.245 Thread 0x0000021406893eb0 1549       4       java.util.concurrent.ConcurrentHashMap::addCount (280 bytes)
Event: 1.248 Thread 0x0000021406893eb0 nmethod 1549 0x0000021471df9a10 code [0x0000021471df9bc0, 0x0000021471df9e28]
Event: 1.249 Thread 0x0000021406894950 1550       3       sun.reflect.generics.parser.SignatureParser::current (59 bytes)
Event: 1.250 Thread 0x0000021406894950 nmethod 1550 0x000002146a585910 code [0x000002146a585b20, 0x000002146a586278]

GC Heap History (2 events):
Event: 0.849 GC heap before
{Heap before GC invocations=0 (full 0):
 garbage-first heap   total 260096K, used 20480K [0x0000000703600000, 0x0000000800000000)
  region size 2048K, 11 young (22528K), 0 survivors (0K)
 Metaspace       used 12465K, committed 12608K, reserved 1064960K
  class space    used 1253K, committed 1344K, reserved 1048576K
}
Event: 0.852 GC heap after
{Heap after GC invocations=1 (full 0):
 garbage-first heap   total 260096K, used 7195K [0x0000000703600000, 0x0000000800000000)
  region size 2048K, 2 young (4096K), 2 survivors (4096K)
 Metaspace       used 12465K, committed 12608K, reserved 1064960K
  class space    used 1253K, committed 1344K, reserved 1048576K
}

Dll operation events (7 events):
Event: 0.006 Loaded shared library C:\Users\Shobusen\Downloads\sts-4.17.2.RELEASE\plugins\org.eclipse.justj.openjdk.hotspot.jre.full.win32.x86_64_17.0.6.v20230125-1136\jre\bin\java.dll
Event: 0.076 Loaded shared library C:\Users\Shobusen\Downloads\sts-4.17.2.RELEASE\plugins\org.eclipse.justj.openjdk.hotspot.jre.full.win32.x86_64_17.0.6.v20230125-1136\jre\bin\net.dll
Event: 0.078 Loaded shared library C:\Users\Shobusen\Downloads\sts-4.17.2.RELEASE\plugins\org.eclipse.justj.openjdk.hotspot.jre.full.win32.x86_64_17.0.6.v20230125-1136\jre\bin\nio.dll
Event: 0.083 Loaded shared library C:\Users\Shobusen\Downloads\sts-4.17.2.RELEASE\plugins\org.eclipse.justj.openjdk.hotspot.jre.full.win32.x86_64_17.0.6.v20230125-1136\jre\bin\zip.dll
Event: 0.149 Loaded shared library C:\Users\Shobusen\Downloads\sts-4.17.2.RELEASE\plugins\org.eclipse.justj.openjdk.hotspot.jre.full.win32.x86_64_17.0.6.v20230125-1136\jre\bin\management.dll
Event: 0.154 Loaded shared library C:\Users\Shobusen\Downloads\sts-4.17.2.RELEASE\plugins\org.eclipse.justj.openjdk.hotspot.jre.full.win32.x86_64_17.0.6.v20230125-1136\jre\bin\management_ext.dll
Event: 0.176 Loaded shared library C:\Users\Shobusen\Downloads\sts-4.17.2.RELEASE\plugins\org.eclipse.justj.openjdk.hotspot.jre.full.win32.x86_64_17.0.6.v20230125-1136\jre\bin\jimage.dll

Deoptimization events (20 events):
Event: 1.165 Thread 0x0000021466bd8c30 DEOPT PACKING pc=0x0000021471db65b8 sp=0x000000242e5fc8c0
Event: 1.165 Thread 0x0000021466bd8c30 DEOPT UNPACKING pc=0x000002147181a1a3 sp=0x000000242e5fc898 mode 2
Event: 1.167 Thread 0x0000021466bd8c30 Uncommon trap: trap_request=0xffffff45 fr.pc=0x0000021471d77940 relative=0x0000000000000040
Event: 1.167 Thread 0x0000021466bd8c30 Uncommon trap: reason=unstable_if action=reinterpret pc=0x0000021471d77940 method=sun.nio.fs.WindowsPathParser.isSlash(C)Z @ 9 c2
Event: 1.167 Thread 0x0000021466bd8c30 DEOPT PACKING pc=0x0000021471d77940 sp=0x000000242e5fcbc0
Event: 1.167 Thread 0x0000021466bd8c30 DEOPT UNPACKING pc=0x000002147181a1a3 sp=0x000000242e5fcb48 mode 2
Event: 1.185 Thread 0x0000021466bd8c30 DEOPT PACKING pc=0x000002146a39b0fd sp=0x000000242e5fbba0
Event: 1.185 Thread 0x0000021466bd8c30 DEOPT UNPACKING pc=0x000002147181ace3 sp=0x000000242e5fb028 mode 0
Event: 1.204 Thread 0x0000021466bd8c30 Uncommon trap: trap_request=0xffffff45 fr.pc=0x0000021471daf07c relative=0x00000000000002dc
Event: 1.204 Thread 0x0000021466bd8c30 Uncommon trap: reason=unstable_if action=reinterpret pc=0x0000021471daf07c method=jdk.internal.org.objectweb.asm.SymbolTable.put(Ljdk/internal/org/objectweb/asm/SymbolTable$Entry;)Ljdk/internal/org/objectweb/asm/SymbolTable$Entry; @ 13 c2
Event: 1.204 Thread 0x0000021466bd8c30 DEOPT PACKING pc=0x0000021471daf07c sp=0x000000242e5fb910
Event: 1.204 Thread 0x0000021466bd8c30 DEOPT UNPACKING pc=0x000002147181a1a3 sp=0x000000242e5fb890 mode 2
Event: 1.220 Thread 0x0000021466bd8c30 Uncommon trap: trap_request=0xffffff45 fr.pc=0x0000021471df03dc relative=0x000000000000377c
Event: 1.220 Thread 0x0000021466bd8c30 Uncommon trap: reason=unstable_if action=reinterpret pc=0x0000021471df03dc method=jdk.internal.loader.URLClassPath$FileLoader.getResource(Ljava/lang/String;Z)Ljdk/internal/loader/Resource; @ 139 c2
Event: 1.220 Thread 0x0000021466bd8c30 DEOPT PACKING pc=0x0000021471df03dc sp=0x000000242e5fc2a0
Event: 1.220 Thread 0x0000021466bd8c30 DEOPT UNPACKING pc=0x000002147181a1a3 sp=0x000000242e5fc248 mode 2
Event: 1.249 Thread 0x0000021466bd8c30 Uncommon trap: trap_request=0xffffff45 fr.pc=0x0000021471db1ab8 relative=0x0000000000000098
Event: 1.249 Thread 0x0000021466bd8c30 Uncommon trap: reason=unstable_if action=reinterpret pc=0x0000021471db1ab8 method=sun.reflect.generics.parser.SignatureParser.current()C @ 39 c2
Event: 1.249 Thread 0x0000021466bd8c30 DEOPT PACKING pc=0x0000021471db1ab8 sp=0x000000242e5fbad0
Event: 1.249 Thread 0x0000021466bd8c30 DEOPT UNPACKING pc=0x000002147181a1a3 sp=0x000000242e5fba68 mode 2

Classes unloaded (0 events):
No events

Classes redefined (0 events):
No events

Internal exceptions (20 events):
Event: 0.886 Thread 0x0000021466bd8c30 Exception <a 'java/lang/NoSuchMethodError'{0x000000071334bc78}: 'int java.lang.invoke.DirectMethodHandle$Holder.invokeStatic(java.lang.Object, java.lang.Object, java.lang.Object, java.lang.Object)'> (0x000000071334bc78) 
thrown [s\src\hotspot\share\interpreter\linkResolver.cpp, line 759]
Event: 0.886 Thread 0x0000021466bd8c30 Exception <a 'java/lang/NoSuchMethodError'{0x000000071334f5f8}: 'java.lang.Object java.lang.invoke.Invokers$Holder.invokeExact_MT(java.lang.Object, java.lang.Object, java.lang.Object, java.lang.Object, java.lang.Object, java.lang.Object)'> (0x000000071334f5f8) 
thrown [s\src\hotspot\share\interpreter\linkResolver.cpp, line 759]
Event: 0.887 Thread 0x0000021466bd8c30 Exception <a 'java/lang/NoSuchMethodError'{0x000000071335f460}: 'int java.lang.invoke.DirectMethodHandle$Holder.invokeStatic(java.lang.Object, java.lang.Object, java.lang.Object, java.lang.Object, java.lang.Object)'> (0x000000071335f460) 
thrown [s\src\hotspot\share\interpreter\linkResolver.cpp, line 759]
Event: 0.894 Thread 0x0000021466bd8c30 Exception <a 'java/lang/NoSuchMethodError'{0x00000007133af240}: 'void java.lang.invoke.DirectMethodHandle$Holder.invokeStaticInit(java.lang.Object)'> (0x00000007133af240) 
thrown [s\src\hotspot\share\interpreter\linkResolver.cpp, line 759]
Event: 0.913 Thread 0x0000021466bd8c30 Exception <a 'java/lang/NoSuchMethodError'{0x00000007130bba98}: 'int java.lang.invoke.DirectMethodHandle$Holder.invokeStaticInit(java.lang.Object, java.lang.Object)'> (0x00000007130bba98) 
thrown [s\src\hotspot\share\interpreter\linkResolver.cpp, line 759]
Event: 0.976 Thread 0x0000021466bd8c30 Exception <a 'java/lang/NoSuchMethodError'{0x0000000712c5aff8}: 'java.lang.Object java.lang.invoke.DirectMethodHandle$Holder.invokeSpecial(java.lang.Object, java.lang.Object, java.lang.Object, long, java.lang.Object)'> (0x0000000712c5aff8) 
thrown [s\src\hotspot\share\interpreter\linkResolver.cpp, line 759]
Event: 0.976 Thread 0x0000021466bd8c30 Exception <a 'java/lang/NoSuchMethodError'{0x0000000712c5ee70}: 'java.lang.Object java.lang.invoke.Invokers$Holder.linkToTargetMethod(java.lang.Object, long, java.lang.Object, java.lang.Object)'> (0x0000000712c5ee70) 
thrown [s\src\hotspot\share\interpreter\linkResolver.cpp, line 759]
Event: 0.988 Thread 0x0000021466bd8c30 Exception <a 'java/lang/ClassNotFoundException'{0x0000000712c8a190}: javax/smartcardio/CardPermission> (0x0000000712c8a190) 
thrown [s\src\hotspot\share\classfile\systemDictionary.cpp, line 256]
Event: 0.990 Thread 0x0000021466bd8c30 Exception <a 'java/io/FileNotFoundException'{0x0000000712c98fc0}> (0x0000000712c98fc0) 
thrown [s\src\hotspot\share\prims\jni.cpp, line 516]
Event: 1.011 Thread 0x0000021466bd8c30 Implicit null exception at 0x0000021471dbdd81 to 0x0000021471dbf204
Event: 1.076 Thread 0x0000021466bd8c30 Exception <a 'java/lang/NoSuchMethodError'{0x00000007128a8400}: 'int java.lang.invoke.DirectMethodHandle$Holder.invokeStaticInit(java.lang.Object, java.lang.Object, java.lang.Object)'> (0x00000007128a8400) 
thrown [s\src\hotspot\share\interpreter\linkResolver.cpp, line 759]
Event: 1.093 Thread 0x0000021466bd8c30 Exception <a 'java/lang/NoSuchMethodError'{0x0000000712993ce0}: 'int java.lang.invoke.DirectMethodHandle$Holder.invokeInterface(java.lang.Object, java.lang.Object)'> (0x0000000712993ce0) 
thrown [s\src\hotspot\share\interpreter\linkResolver.cpp, line 759]
Event: 1.108 Thread 0x0000021466bd8c30 Exception <a 'java/lang/NoSuchMethodError'{0x0000000712672c38}: 'void java.lang.invoke.DirectMethodHandle$Holder.invokeStatic(java.lang.Object, java.lang.Object)'> (0x0000000712672c38) 
thrown [s\src\hotspot\share\interpreter\linkResolver.cpp, line 759]
Event: 1.109 Thread 0x0000021466bd8c30 Exception <a 'java/lang/NoSuchMethodError'{0x00000007126826c8}: 'void java.lang.invoke.DirectMethodHandle$Holder.invokeStaticInit(java.lang.Object, java.lang.Object)'> (0x00000007126826c8) 
thrown [s\src\hotspot\share\interpreter\linkResolver.cpp, line 759]
Event: 1.164 Thread 0x0000021466bd8c30 Exception <a 'java/lang/NoSuchMethodError'{0x000000071257e920}: 'int java.lang.invoke.DirectMethodHandle$Holder.invokeSpecial(java.lang.Object, java.lang.Object, java.lang.Object, java.lang.Object)'> (0x000000071257e920) 
thrown [s\src\hotspot\share\interpreter\linkResolver.cpp, line 759]
Event: 1.168 Thread 0x0000021466bd8c30 Exception <a 'sun/nio/fs/WindowsException'{0x000000071259ca90}> (0x000000071259ca90) 
thrown [s\src\hotspot\share\prims\jni.cpp, line 516]
Event: 1.168 Thread 0x0000021466bd8c30 Exception <a 'java/lang/NoSuchMethodError'{0x000000071259e3a8}: 'int java.lang.invoke.DirectMethodHandle$Holder.invokeSpecial(java.lang.Object, java.lang.Object, java.lang.Object, java.lang.Object, java.lang.Object)'> (0x000000071259e3a8) 
thrown [s\src\hotspot\share\interpreter\linkResolver.cpp, line 759]
Event: 1.170 Thread 0x0000021466bd8c30 Exception <a 'java/lang/NoSuchMethodError'{0x00000007125a74a8}: 'void java.lang.invoke.DirectMethodHandle$Holder.invokeVirtual(java.lang.Object, java.lang.Object)'> (0x00000007125a74a8) 
thrown [s\src\hotspot\share\interpreter\linkResolver.cpp, line 759]
Event: 1.173 Thread 0x0000021466bd8c30 Exception <a 'sun/nio/fs/WindowsException'{0x00000007125c0fb8}> (0x00000007125c0fb8) 
thrown [s\src\hotspot\share\prims\jni.cpp, line 516]
Event: 1.230 Thread 0x0000021466bd8c30 Exception <a 'java/lang/NoSuchMethodError'{0x0000000712029b30}: 'void java.lang.invoke.DirectMethodHandle$Holder.invokeVirtual(java.lang.Object, java.lang.Object, java.lang.Object, java.lang.Object)'> (0x0000000712029b30) 
thrown [s\src\hotspot\share\interpreter\linkResolver.cpp, line 759]

VM Operations (20 events):
Event: 0.500 Executing VM operation: HandshakeAllThreads
Event: 0.500 Executing VM operation: HandshakeAllThreads done
Event: 0.616 Executing VM operation: HandshakeAllThreads
Event: 0.616 Executing VM operation: HandshakeAllThreads done
Event: 0.848 Executing VM operation: G1CollectForAllocation
Event: 0.853 Executing VM operation: G1CollectForAllocation done
Event: 0.859 Executing VM operation: HandshakeAllThreads
Event: 0.859 Executing VM operation: HandshakeAllThreads done
Event: 0.920 Executing VM operation: HandshakeAllThreads
Event: 0.920 Executing VM operation: HandshakeAllThreads done
Event: 0.952 Executing VM operation: HandshakeAllThreads
Event: 0.952 Executing VM operation: HandshakeAllThreads done
Event: 1.034 Executing VM operation: HandshakeAllThreads
Event: 1.034 Executing VM operation: HandshakeAllThreads done
Event: 1.034 Executing VM operation: HandshakeAllThreads
Event: 1.034 Executing VM operation: HandshakeAllThreads done
Event: 1.094 Executing VM operation: HandshakeAllThreads
Event: 1.094 Executing VM operation: HandshakeAllThreads done
Event: 1.149 Executing VM operation: HandshakeAllThreads
Event: 1.149 Executing VM operation: HandshakeAllThreads done

Events (20 events):
Event: 1.249 loading class sun/reflect/generics/repository/AbstractRepository
Event: 1.249 loading class sun/reflect/generics/repository/AbstractRepository done
Event: 1.249 loading class sun/reflect/generics/repository/GenericDeclRepository done
Event: 1.249 loading class sun/reflect/generics/repository/ClassRepository done
Event: 1.249 loading class sun/reflect/generics/tree/FormalTypeParameter
Event: 1.249 loading class sun/reflect/generics/tree/FormalTypeParameter done
Event: 1.249 loading class sun/reflect/generics/tree/ClassSignature
Event: 1.249 loading class sun/reflect/generics/tree/Signature
Event: 1.249 loading class sun/reflect/generics/tree/Signature done
Event: 1.249 loading class sun/reflect/generics/tree/ClassSignature done
Event: 1.249 loading class sun/reflect/generics/reflectiveObjects/ParameterizedTypeImpl
Event: 1.249 loading class java/lang/reflect/ParameterizedType
Event: 1.249 loading class java/lang/reflect/ParameterizedType done
Event: 1.249 loading class sun/reflect/generics/reflectiveObjects/ParameterizedTypeImpl done
Event: 1.250 loading class java/lang/reflect/TypeVariable
Event: 1.250 loading class java/lang/reflect/TypeVariable done
Event: 1.250 loading class sun/reflect/generics/reflectiveObjects/TypeVariableImpl
Event: 1.250 loading class sun/reflect/generics/reflectiveObjects/LazyReflectiveObjectGenerator
Event: 1.250 loading class sun/reflect/generics/reflectiveObjects/LazyReflectiveObjectGenerator done
Event: 1.250 loading class sun/reflect/generics/reflectiveObjects/TypeVariableImpl done


Dynamic libraries:
0x00007ff6ec620000 - 0x00007ff6ec62e000 	C:\Users\Shobusen\Downloads\sts-4.17.2.RELEASE\plugins\org.eclipse.justj.openjdk.hotspot.jre.full.win32.x86_64_17.0.6.v20230125-1136\jre\bin\java.exe
0x00007ff8e0830000 - 0x00007ff8e0a47000 	C:\WINDOWS\SYSTEM32\ntdll.dll
0x00007ff8e0720000 - 0x00007ff8e07e4000 	C:\WINDOWS\System32\KERNEL32.DLL
0x00007ff8dde30000 - 0x00007ff8de1d6000 	C:\WINDOWS\System32\KERNELBASE.dll
0x00007ff8de350000 - 0x00007ff8de461000 	C:\WINDOWS\System32\ucrtbase.dll
0x00007ff8cf5e0000 - 0x00007ff8cf5f7000 	C:\Users\Shobusen\Downloads\sts-4.17.2.RELEASE\plugins\org.eclipse.justj.openjdk.hotspot.jre.full.win32.x86_64_17.0.6.v20230125-1136\jre\bin\jli.dll
0x00007ff8c5050000 - 0x00007ff8c5069000 	C:\Users\Shobusen\Downloads\sts-4.17.2.RELEASE\plugins\org.eclipse.justj.openjdk.hotspot.jre.full.win32.x86_64_17.0.6.v20230125-1136\jre\bin\VCRUNTIME140.dll
0x00007ff8deae0000 - 0x00007ff8dec8d000 	C:\WINDOWS\System32\USER32.dll
0x00007ff8c4c60000 - 0x00007ff8c4ef3000 	C:\WINDOWS\WinSxS\amd64_microsoft.windows.common-controls_6595b64144ccf1df_6.0.22621.2361_none_2712ced57382f843\COMCTL32.dll
0x00007ff8ddbb0000 - 0x00007ff8ddbd6000 	C:\WINDOWS\System32\win32u.dll
0x00007ff8df280000 - 0x00007ff8df2a9000 	C:\WINDOWS\System32\GDI32.dll
0x00007ff8e0670000 - 0x00007ff8e0717000 	C:\WINDOWS\System32\msvcrt.dll
0x00007ff8de470000 - 0x00007ff8de588000 	C:\WINDOWS\System32\gdi32full.dll
0x00007ff8ddd90000 - 0x00007ff8dde2a000 	C:\WINDOWS\System32\msvcp_win.dll
0x00007ff8dfba0000 - 0x00007ff8dfbd1000 	C:\WINDOWS\System32\IMM32.DLL
0x00007ff8d16b0000 - 0x00007ff8d16bc000 	C:\Users\Shobusen\Downloads\sts-4.17.2.RELEASE\plugins\org.eclipse.justj.openjdk.hotspot.jre.full.win32.x86_64_17.0.6.v20230125-1136\jre\bin\vcruntime140_1.dll
0x00007ff88b890000 - 0x00007ff88b921000 	C:\Users\Shobusen\Downloads\sts-4.17.2.RELEASE\plugins\org.eclipse.justj.openjdk.hotspot.jre.full.win32.x86_64_17.0.6.v20230125-1136\jre\bin\msvcp140.dll
0x00007ff837e90000 - 0x00007ff838ad7000 	C:\Users\Shobusen\Downloads\sts-4.17.2.RELEASE\plugins\org.eclipse.justj.openjdk.hotspot.jre.full.win32.x86_64_17.0.6.v20230125-1136\jre\bin\server\jvm.dll
0x00007ff8de7c0000 - 0x00007ff8de870000 	C:\WINDOWS\System32\ADVAPI32.dll
0x00007ff8df920000 - 0x00007ff8df9c6000 	C:\WINDOWS\System32\sechost.dll
0x00007ff8de870000 - 0x00007ff8de987000 	C:\WINDOWS\System32\RPCRT4.dll
0x00007ff8d6820000 - 0x00007ff8d6829000 	C:\WINDOWS\SYSTEM32\WSOCK32.dll
0x00007ff8d2110000 - 0x00007ff8d2144000 	C:\WINDOWS\SYSTEM32\WINMM.dll
0x00007ff8cbb70000 - 0x00007ff8cbb7a000 	C:\WINDOWS\SYSTEM32\VERSION.dll
0x00007ff8dfbe0000 - 0x00007ff8dfc51000 	C:\WINDOWS\System32\WS2_32.dll
0x00007ff8dcce0000 - 0x00007ff8dccf8000 	C:\WINDOWS\SYSTEM32\kernel.appcore.dll
0x00007ff8d66c0000 - 0x00007ff8d66ca000 	C:\Users\Shobusen\Downloads\sts-4.17.2.RELEASE\plugins\org.eclipse.justj.openjdk.hotspot.jre.full.win32.x86_64_17.0.6.v20230125-1136\jre\bin\jimage.dll
0x00007ff8db540000 - 0x00007ff8db76e000 	C:\WINDOWS\SYSTEM32\DBGHELP.DLL
0x00007ff8dedf0000 - 0x00007ff8df17a000 	C:\WINDOWS\System32\combase.dll
0x00007ff8de990000 - 0x00007ff8dea67000 	C:\WINDOWS\System32\OLEAUT32.dll
0x00007ff8d0e70000 - 0x00007ff8d0ea2000 	C:\WINDOWS\SYSTEM32\dbgcore.DLL
0x00007ff8ddd10000 - 0x00007ff8ddd8a000 	C:\WINDOWS\System32\bcryptPrimitives.dll
0x00007ff8ce750000 - 0x00007ff8ce775000 	C:\Users\Shobusen\Downloads\sts-4.17.2.RELEASE\plugins\org.eclipse.justj.openjdk.hotspot.jre.full.win32.x86_64_17.0.6.v20230125-1136\jre\bin\java.dll
0x00007ff8ce910000 - 0x00007ff8ce928000 	C:\Users\Shobusen\Downloads\sts-4.17.2.RELEASE\plugins\org.eclipse.justj.openjdk.hotspot.jre.full.win32.x86_64_17.0.6.v20230125-1136\jre\bin\zip.dll
0x00007ff8dfe10000 - 0x00007ff8e0668000 	C:\WINDOWS\System32\SHELL32.dll
0x00007ff8dbae0000 - 0x00007ff8dc3d2000 	C:\WINDOWS\SYSTEM32\windows.storage.dll
0x00007ff8db9a0000 - 0x00007ff8dbade000 	C:\WINDOWS\SYSTEM32\wintypes.dll
0x00007ff8dec90000 - 0x00007ff8ded83000 	C:\WINDOWS\System32\SHCORE.dll
0x00007ff8de760000 - 0x00007ff8de7be000 	C:\WINDOWS\System32\shlwapi.dll
0x00007ff8ddae0000 - 0x00007ff8ddb06000 	C:\WINDOWS\SYSTEM32\profapi.dll
0x00007ff8cd970000 - 0x00007ff8cd989000 	C:\Users\Shobusen\Downloads\sts-4.17.2.RELEASE\plugins\org.eclipse.justj.openjdk.hotspot.jre.full.win32.x86_64_17.0.6.v20230125-1136\jre\bin\net.dll
0x00007ff8d8000000 - 0x00007ff8d8137000 	C:\WINDOWS\SYSTEM32\WINHTTP.dll
0x00007ff8dd160000 - 0x00007ff8dd1c9000 	C:\WINDOWS\system32\mswsock.dll
0x00007ff8cd950000 - 0x00007ff8cd965000 	C:\Users\Shobusen\Downloads\sts-4.17.2.RELEASE\plugins\org.eclipse.justj.openjdk.hotspot.jre.full.win32.x86_64_17.0.6.v20230125-1136\jre\bin\nio.dll
0x00007ff8cf5d0000 - 0x00007ff8cf5d9000 	C:\Users\Shobusen\Downloads\sts-4.17.2.RELEASE\plugins\org.eclipse.justj.openjdk.hotspot.jre.full.win32.x86_64_17.0.6.v20230125-1136\jre\bin\management.dll
0x00007ff8ce710000 - 0x00007ff8ce71b000 	C:\Users\Shobusen\Downloads\sts-4.17.2.RELEASE\plugins\org.eclipse.justj.openjdk.hotspot.jre.full.win32.x86_64_17.0.6.v20230125-1136\jre\bin\management_ext.dll
0x00007ff8dead0000 - 0x00007ff8dead8000 	C:\WINDOWS\System32\PSAPI.DLL

dbghelp: loaded successfully - version: 4.0.5 - missing functions: none
symbol engine: initialized successfully - sym options: 0x614 - pdb path: .;C:\Users\Shobusen\Downloads\sts-4.17.2.RELEASE\plugins\org.eclipse.justj.openjdk.hotspot.jre.full.win32.x86_64_17.0.6.v20230125-1136\jre\bin;C:\WINDOWS\SYSTEM32;C:\WINDOWS\WinSxS\amd64_microsoft.windows.common-controls_6595b64144ccf1df_6.0.22621.2361_none_2712ced57382f843;C:\Users\Shobusen\Downloads\sts-4.17.2.RELEASE\plugins\org.eclipse.justj.openjdk.hotspot.jre.full.win32.x86_64_17.0.6.v20230125-1136\jre\bin\server

VM Arguments:
java_command: C:\Users\Shobusen\AppData\Local\Temp\surefire16406981315701285599\surefirebooter-20231021224912926_3.jar C:\Users\Shobusen\AppData\Local\Temp\surefire16406981315701285599 2023-10-21T22-49-12_695-jvmRun1 surefire-20231021224912926_1tmp surefire_0-20231021224912926_2tmp
java_class_path (initial): C:\Users\Shobusen\AppData\Local\Temp\surefire16406981315701285599\surefirebooter-20231021224912926_3.jar
Launcher Type: SUN_STANDARD

[Global flags]
     intx CICompilerCount                          = 4                                         {product} {ergonomic}
     uint ConcGCThreads                            = 2                                         {product} {ergonomic}
     uint G1ConcRefinementThreads                  = 8                                         {product} {ergonomic}
   size_t G1HeapRegionSize                         = 2097152                                   {product} {ergonomic}
    uintx GCDrainStackTargetSize                   = 64                                        {product} {ergonomic}
   size_t InitialHeapSize                          = 266338304                                 {product} {ergonomic}
   size_t MarkStackSize                            = 4194304                                   {product} {ergonomic}
   size_t MaxHeapSize                              = 4238344192                                {product} {ergonomic}
   size_t MaxNewSize                               = 2541748224                                {product} {ergonomic}
   size_t MinHeapDeltaBytes                        = 2097152                                   {product} {ergonomic}
   size_t MinHeapSize                              = 8388608                                   {product} {ergonomic}
    uintx NonNMethodCodeHeapSize                   = 5839372                                {pd product} {ergonomic}
    uintx NonProfiledCodeHeapSize                  = 122909434                              {pd product} {ergonomic}
    uintx ProfiledCodeHeapSize                     = 122909434                              {pd product} {ergonomic}
    uintx ReservedCodeCacheSize                    = 251658240                              {pd product} {ergonomic}
     bool SegmentedCodeCache                       = true                                      {product} {ergonomic}
   size_t SoftMaxHeapSize                          = 4238344192                             {manageable} {ergonomic}
     bool UseCompressedClassPointers               = true                           {product lp64_product} {ergonomic}
     bool UseCompressedOops                        = true                           {product lp64_product} {ergonomic}
     bool UseG1GC                                  = true                                      {product} {ergonomic}
     bool UseLargePagesIndividualAllocation        = false                                  {pd product} {ergonomic}

Logging:
Log output configuration:
 #0: stdout all=warning uptime,level,tags
 #1: stderr all=off uptime,level,tags

Environment Variables:
PATH=C:/Users/Shobusen/Downloads/sts-4.17.2.RELEASE//plugins/org.eclipse.justj.openjdk.hotspot.jre.full.win32.x86_64_17.0.6.v20230125-1136/jre/bin/server;C:/Users/Shobusen/Downloads/sts-4.17.2.RELEASE//plugins/org.eclipse.justj.openjdk.hotspot.jre.full.win32.x86_64_17.0.6.v20230125-1136/jre/bin;C:\Program Files\Common Files\Oracle\Java\javapath;C:\Program Files (x86)\Common Files\Oracle\Java\javapath;C:\Windows\system32;C:\Windows;C:\Windows\System32\Wbem;C:\Windows\System32\WindowsPowerShell\v1.0\;C:\Windows\System32\OpenSSH\;C:\Program Files (x86)\NVIDIA Corporation\PhysX\Common;C:\Program Files\NVIDIA Corporation\NVIDIA NvDLISR;C:\WINDOWS\system32;C:\WINDOWS;C:\WINDOWS\System32\Wbem;C:\WINDOWS\System32\WindowsPowerShell\v1.0\;C:\WINDOWS\System32\OpenSSH\;C:\Program Files\Git\cmd;C:\Program Files\GitHub CLI\;C:\Program Files\Calibre2\;C:\Gradle\gradle-8.3\bin;C:\Users\Shobusen\AppData\Local\Microsoft\WindowsApps;;C:\Program Files\JetBrains\IntelliJ IDEA 2022.3.2\bin;;C:\Program Files\JetBrains\PyCharm 2023.1\bin;;C:\Users\Shobusen\Downloads\sts-4.17.2.RELEASE;
USERNAME=Shobusen
OS=Windows_NT
PROCESSOR_IDENTIFIER=Intel64 Family 6 Model 140 Stepping 1, GenuineIntel
TMP=C:\Users\Shobusen\AppData\Local\Temp
TEMP=C:\Users\Shobusen\AppData\Local\Temp



---------------  S Y S T E M  ---------------

OS:
 Windows 11 , 64 bit Build 22621 (10.0.22621.2428)
OS uptime: 5 days 4:15 hours
Hyper-V role detected

CPU: total 8 (initial active 8) (4 cores per cpu, 2 threads per core) family 6 model 140 stepping 1 microcode 0x8a, cx8, cmov, fxsr, ht, mmx, 3dnowpref, sse, sse2, sse3, ssse3, sse4.1, sse4.2, popcnt, lzcnt, tsc, tscinvbit, avx, avx2, aes, erms, clmul, bmi1, bmi2, adx, avx512f, avx512dq, avx512cd, avx512bw, avx512vl, sha, fma, vzeroupper, avx512_vpopcntdq, avx512_vpclmulqdq, avx512_vaes, avx512_vnni, clflush, clflushopt, clwb, avx512_vbmi2, avx512_vbmi, hv

Memory: 4k page, system-wide physical 16167M (1219M free)
TotalPageFile size 20575M (AvailPageFile size 1M)
current process WorkingSet (physical memory assigned to process): 103M, peak: 103M
current process commit charge ("private bytes"): 372M, peak: 372M

vm_info: OpenJDK 64-Bit Server VM (17.0.6+10) for windows-amd64 JRE (17.0.6+10), built on Jan 18 2023 10:08:59 by "temurin" with MS VC++ 16.7 (VS2019)

END.
