#
# There is insufficient memory for the Java Runtime Environment to continue.
# Native memory allocation (mmap) failed to map 4161536 bytes for G1 virtual space
# Possible reasons:
#   The system is out of physical RAM or swap space
#   The process is running with CompressedOops enabled, and the Java Heap may be blocking the growth of the native heap
# Possible solutions:
#   Reduce memory load on the system
#   Increase physical memory or swap space
#   Check if swap backing store is full
#   Decrease Java heap size (-Xmx/-Xms)
#   Decrease number of Java threads
#   Decrease Java thread stack sizes (-Xss)
#   Set larger code cache with -XX:ReservedCodeCacheSize=
#   JVM is running with Zero Based Compressed Oops mode in which the Java heap is
#     placed in the first 32GB address space. The Java Heap base address is the
#     maximum limit for the native heap growth. Please use -XX:HeapBaseMinAddress
#     to set the Java Heap base and to place the Java Heap above 32GB virtual address.
# This output file may be truncated or incomplete.
#
#  Out of Memory Error (os_windows.cpp:3557), pid=24944, tid=25172
#
# JRE version:  (17.0.6+10) (build )
# Java VM: OpenJDK 64-Bit Server VM (17.0.6+10, mixed mode, sharing, tiered, compressed oops, compressed class ptrs, g1 gc, windows-amd64)
# No core dump will be written. Minidumps are not enabled by default on client versions of Windows
#

---------------  S U M M A R Y ------------

Command Line: C:\Users\Shobusen\AppData\Local\Temp\surefire18051052939730473036\surefirebooter-20231021225017073_3.jar C:\Users\Shobusen\AppData\Local\Temp\surefire18051052939730473036 2023-10-21T22-50-16_955-jvmRun1 surefire-20231021225017073_1tmp surefire_0-20231021225017073_2tmp

Host: 11th Gen Intel(R) Core(TM) i5-1135G7 @ 2.40GHz, 8 cores, 15G,  Windows 11 , 64 bit Build 22621 (10.0.22621.2428)
Time: Sat Oct 21 22:50:17 2023 India Standard Time elapsed time: 0.009695 seconds (0d 0h 0m 0s)

---------------  T H R E A D  ---------------

Current thread (0x0000023825728440):  JavaThread "Unknown thread" [_thread_in_vm, id=25172, stack(0x000000ccc5a00000,0x000000ccc5b00000)]

Stack: [0x000000ccc5a00000,0x000000ccc5b00000]
Native frames: (J=compiled Java code, j=interpreted, Vv=VM code, C=native code)
V  [jvm.dll+0x67741a]
V  [jvm.dll+0x834434]
V  [jvm.dll+0x835bde]
V  [jvm.dll+0x836243]
V  [jvm.dll+0x2457b5]
V  [jvm.dll+0x674329]
V  [jvm.dll+0x6689da]
V  [jvm.dll+0x30489b]
V  [jvm.dll+0x30bd96]
V  [jvm.dll+0x35b593]
V  [jvm.dll+0x35b7af]
V  [jvm.dll+0x2db778]
V  [jvm.dll+0x2dc6e4]
V  [jvm.dll+0x806131]
V  [jvm.dll+0x369331]
V  [jvm.dll+0x7e56ac]
V  [jvm.dll+0x3eb35f]
V  [jvm.dll+0x3ecea1]
C  [jli.dll+0x5267]
C  [ucrtbase.dll+0x29363]
C  [KERNEL32.DLL+0x1257d]
C  [ntdll.dll+0x5aa78]


---------------  P R O C E S S  ---------------

Threads class SMR info:
_java_thread_list=0x00007ff8389a5fd8, length=0, elements={
}

Java Threads: ( => current thread )

Other Threads:
  0x00000238257949f0 GCTaskThread "GC Thread#0" [stack: 0x000000ccc5b00000,0x000000ccc5c00000] [id=10832]
  0x00000238257a55c0 ConcurrentGCThread "G1 Main Marker" [stack: 0x000000ccc5c00000,0x000000ccc5d00000] [id=20936]
  0x00000238257a5fd0 ConcurrentGCThread "G1 Conc#0" [stack: 0x000000ccc5d00000,0x000000ccc5e00000] [id=18156]

[error occurred during error reporting (printing all threads), id 0xc0000005, EXCEPTION_ACCESS_VIOLATION (0xc0000005) at pc=0x00007ff83817c1e7]

VM state: not at safepoint (not fully initialized)

VM Mutex/Monitor currently owned by a thread:  ([mutex/lock_event])
[0x0000023825722fb0] Heap_lock - owner thread: 0x0000023825728440

Heap address: 0x0000000703600000, size: 4042 MB, Compressed Oops mode: Zero based, Oop shift amount: 3

CDS archive(s) mapped at: [0x0000000000000000-0x0000000000000000-0x0000000000000000), size 0, SharedBaseAddress: 0x0000000800000000, ArchiveRelocationMode: 0.
Narrow klass base: 0x0000000000000000, Narrow klass shift: 0, Narrow klass range: 0x0

GC Precious Log:
<Empty>

Heap:
 garbage-first heap   total 0K, used 0K [0x0000000703600000, 0x0000000800000000)
  region size 2048K, 0 young (0K), 0 survivors (0K)

[error occurred during error reporting (printing heap information), id 0xc0000005, EXCEPTION_ACCESS_VIOLATION (0xc0000005) at pc=0x00007ff8385606f9]

GC Heap History (0 events):
No events

Dll operation events (1 events):
Event: 0.006 Loaded shared library C:\Users\Shobusen\Downloads\sts-4.17.2.RELEASE\plugins\org.eclipse.justj.openjdk.hotspot.jre.full.win32.x86_64_17.0.6.v20230125-1136\jre\bin\java.dll

Deoptimization events (0 events):
No events

Classes unloaded (0 events):
No events

Classes redefined (0 events):
No events

Internal exceptions (0 events):
No events

VM Operations (0 events):
No events

Events (0 events):
No events


Dynamic libraries:
0x00007ff6ec620000 - 0x00007ff6ec62e000 	C:\Users\Shobusen\Downloads\sts-4.17.2.RELEASE\plugins\org.eclipse.justj.openjdk.hotspot.jre.full.win32.x86_64_17.0.6.v20230125-1136\jre\bin\java.exe
0x00007ff8e0830000 - 0x00007ff8e0a47000 	C:\WINDOWS\SYSTEM32\ntdll.dll
0x00007ff8e0720000 - 0x00007ff8e07e4000 	C:\WINDOWS\System32\KERNEL32.DLL
0x00007ff8dde30000 - 0x00007ff8de1d6000 	C:\WINDOWS\System32\KERNELBASE.dll
0x00007ff8de350000 - 0x00007ff8de461000 	C:\WINDOWS\System32\ucrtbase.dll
0x00007ff8cf5e0000 - 0x00007ff8cf5f7000 	C:\Users\Shobusen\Downloads\sts-4.17.2.RELEASE\plugins\org.eclipse.justj.openjdk.hotspot.jre.full.win32.x86_64_17.0.6.v20230125-1136\jre\bin\jli.dll
0x00007ff8c5050000 - 0x00007ff8c5069000 	C:\Users\Shobusen\Downloads\sts-4.17.2.RELEASE\plugins\org.eclipse.justj.openjdk.hotspot.jre.full.win32.x86_64_17.0.6.v20230125-1136\jre\bin\VCRUNTIME140.dll
0x00007ff8deae0000 - 0x00007ff8dec8d000 	C:\WINDOWS\System32\USER32.dll
0x00007ff8ddbb0000 - 0x00007ff8ddbd6000 	C:\WINDOWS\System32\win32u.dll
0x00007ff8c4c60000 - 0x00007ff8c4ef3000 	C:\WINDOWS\WinSxS\amd64_microsoft.windows.common-controls_6595b64144ccf1df_6.0.22621.2361_none_2712ced57382f843\COMCTL32.dll
0x00007ff8df280000 - 0x00007ff8df2a9000 	C:\WINDOWS\System32\GDI32.dll
0x00007ff8e0670000 - 0x00007ff8e0717000 	C:\WINDOWS\System32\msvcrt.dll
0x00007ff8de470000 - 0x00007ff8de588000 	C:\WINDOWS\System32\gdi32full.dll
0x00007ff8ddd90000 - 0x00007ff8dde2a000 	C:\WINDOWS\System32\msvcp_win.dll
0x00007ff8dfba0000 - 0x00007ff8dfbd1000 	C:\WINDOWS\System32\IMM32.DLL
0x00007ff8d16b0000 - 0x00007ff8d16bc000 	C:\Users\Shobusen\Downloads\sts-4.17.2.RELEASE\plugins\org.eclipse.justj.openjdk.hotspot.jre.full.win32.x86_64_17.0.6.v20230125-1136\jre\bin\vcruntime140_1.dll
0x00007ff88b890000 - 0x00007ff88b921000 	C:\Users\Shobusen\Downloads\sts-4.17.2.RELEASE\plugins\org.eclipse.justj.openjdk.hotspot.jre.full.win32.x86_64_17.0.6.v20230125-1136\jre\bin\msvcp140.dll
0x00007ff837e90000 - 0x00007ff838ad7000 	C:\Users\Shobusen\Downloads\sts-4.17.2.RELEASE\plugins\org.eclipse.justj.openjdk.hotspot.jre.full.win32.x86_64_17.0.6.v20230125-1136\jre\bin\server\jvm.dll
0x00007ff8de7c0000 - 0x00007ff8de870000 	C:\WINDOWS\System32\ADVAPI32.dll
0x00007ff8df920000 - 0x00007ff8df9c6000 	C:\WINDOWS\System32\sechost.dll
0x00007ff8de870000 - 0x00007ff8de987000 	C:\WINDOWS\System32\RPCRT4.dll
0x00007ff8d2110000 - 0x00007ff8d2144000 	C:\WINDOWS\SYSTEM32\WINMM.dll
0x00007ff8cbb70000 - 0x00007ff8cbb7a000 	C:\WINDOWS\SYSTEM32\VERSION.dll
0x00007ff8d6820000 - 0x00007ff8d6829000 	C:\WINDOWS\SYSTEM32\WSOCK32.dll
0x00007ff8dfbe0000 - 0x00007ff8dfc51000 	C:\WINDOWS\System32\WS2_32.dll
0x00007ff8dcce0000 - 0x00007ff8dccf8000 	C:\WINDOWS\SYSTEM32\kernel.appcore.dll
0x00007ff8d66c0000 - 0x00007ff8d66ca000 	C:\Users\Shobusen\Downloads\sts-4.17.2.RELEASE\plugins\org.eclipse.justj.openjdk.hotspot.jre.full.win32.x86_64_17.0.6.v20230125-1136\jre\bin\jimage.dll
0x00007ff8db540000 - 0x00007ff8db76e000 	C:\WINDOWS\SYSTEM32\DBGHELP.DLL
0x00007ff8dedf0000 - 0x00007ff8df17a000 	C:\WINDOWS\System32\combase.dll
0x00007ff8de990000 - 0x00007ff8dea67000 	C:\WINDOWS\System32\OLEAUT32.dll
0x00007ff8d0e70000 - 0x00007ff8d0ea2000 	C:\WINDOWS\SYSTEM32\dbgcore.DLL
0x00007ff8ddd10000 - 0x00007ff8ddd8a000 	C:\WINDOWS\System32\bcryptPrimitives.dll
0x00007ff8ce750000 - 0x00007ff8ce775000 	C:\Users\Shobusen\Downloads\sts-4.17.2.RELEASE\plugins\org.eclipse.justj.openjdk.hotspot.jre.full.win32.x86_64_17.0.6.v20230125-1136\jre\bin\java.dll

dbghelp: loaded successfully - version: 4.0.5 - missing functions: none
symbol engine: initialized successfully - sym options: 0x614 - pdb path: .;C:\Users\Shobusen\Downloads\sts-4.17.2.RELEASE\plugins\org.eclipse.justj.openjdk.hotspot.jre.full.win32.x86_64_17.0.6.v20230125-1136\jre\bin;C:\WINDOWS\SYSTEM32;C:\WINDOWS\WinSxS\amd64_microsoft.windows.common-controls_6595b64144ccf1df_6.0.22621.2361_none_2712ced57382f843;C:\Users\Shobusen\Downloads\sts-4.17.2.RELEASE\plugins\org.eclipse.justj.openjdk.hotspot.jre.full.win32.x86_64_17.0.6.v20230125-1136\jre\bin\server

VM Arguments:
java_command: C:\Users\Shobusen\AppData\Local\Temp\surefire18051052939730473036\surefirebooter-20231021225017073_3.jar C:\Users\Shobusen\AppData\Local\Temp\surefire18051052939730473036 2023-10-21T22-50-16_955-jvmRun1 surefire-20231021225017073_1tmp surefire_0-20231021225017073_2tmp
java_class_path (initial): C:\Users\Shobusen\AppData\Local\Temp\surefire18051052939730473036\surefirebooter-20231021225017073_3.jar
Launcher Type: SUN_STANDARD

[Global flags]
     intx CICompilerCount                          = 4                                         {product} {ergonomic}
     uint ConcGCThreads                            = 2                                         {product} {ergonomic}
     uint G1ConcRefinementThreads                  = 8                                         {product} {ergonomic}
   size_t G1HeapRegionSize                         = 2097152                                   {product} {ergonomic}
    uintx GCDrainStackTargetSize                   = 64                                        {product} {ergonomic}
   size_t InitialHeapSize                          = 266338304                                 {product} {ergonomic}
   size_t MarkStackSize                            = 4194304                                   {product} {ergonomic}
   size_t MaxHeapSize                              = 4238344192                                {product} {ergonomic}
   size_t MinHeapDeltaBytes                        = 2097152                                   {product} {ergonomic}
   size_t MinHeapSize                              = 8388608                                   {product} {ergonomic}
    uintx NonNMethodCodeHeapSize                   = 5839372                                {pd product} {ergonomic}
    uintx NonProfiledCodeHeapSize                  = 122909434                              {pd product} {ergonomic}
    uintx ProfiledCodeHeapSize                     = 122909434                              {pd product} {ergonomic}
    uintx ReservedCodeCacheSize                    = 251658240                              {pd product} {ergonomic}
     bool SegmentedCodeCache                       = true                                      {product} {ergonomic}
   size_t SoftMaxHeapSize                          = 4238344192                             {manageable} {ergonomic}
     bool UseCompressedClassPointers               = true                           {product lp64_product} {ergonomic}
     bool UseCompressedOops                        = true                           {product lp64_product} {ergonomic}
     bool UseG1GC                                  = true                                      {product} {ergonomic}
     bool UseLargePagesIndividualAllocation        = false                                  {pd product} {ergonomic}

Logging:
Log output configuration:
 #0: stdout all=warning uptime,level,tags
 #1: stderr all=off uptime,level,tags

Environment Variables:
PATH=C:/Users/Shobusen/Downloads/sts-4.17.2.RELEASE//plugins/org.eclipse.justj.openjdk.hotspot.jre.full.win32.x86_64_17.0.6.v20230125-1136/jre/bin/server;C:/Users/Shobusen/Downloads/sts-4.17.2.RELEASE//plugins/org.eclipse.justj.openjdk.hotspot.jre.full.win32.x86_64_17.0.6.v20230125-1136/jre/bin;C:\Program Files\Common Files\Oracle\Java\javapath;C:\Program Files (x86)\Common Files\Oracle\Java\javapath;C:\Windows\system32;C:\Windows;C:\Windows\System32\Wbem;C:\Windows\System32\WindowsPowerShell\v1.0\;C:\Windows\System32\OpenSSH\;C:\Program Files (x86)\NVIDIA Corporation\PhysX\Common;C:\Program Files\NVIDIA Corporation\NVIDIA NvDLISR;C:\WINDOWS\system32;C:\WINDOWS;C:\WINDOWS\System32\Wbem;C:\WINDOWS\System32\WindowsPowerShell\v1.0\;C:\WINDOWS\System32\OpenSSH\;C:\Program Files\Git\cmd;C:\Program Files\GitHub CLI\;C:\Program Files\Calibre2\;C:\Gradle\gradle-8.3\bin;C:\Users\Shobusen\AppData\Local\Microsoft\WindowsApps;;C:\Program Files\JetBrains\IntelliJ IDEA 2022.3.2\bin;;C:\Program Files\JetBrains\PyCharm 2023.1\bin;;C:\Users\Shobusen\Downloads\sts-4.17.2.RELEASE;
USERNAME=Shobusen
OS=Windows_NT
PROCESSOR_IDENTIFIER=Intel64 Family 6 Model 140 Stepping 1, GenuineIntel
TMP=C:\Users\Shobusen\AppData\Local\Temp
TEMP=C:\Users\Shobusen\AppData\Local\Temp



---------------  S Y S T E M  ---------------

OS:
 Windows 11 , 64 bit Build 22621 (10.0.22621.2428)
OS uptime: 5 days 4:16 hours
Hyper-V role detected

CPU: total 8 (initial active 8) (4 cores per cpu, 2 threads per core) family 6 model 140 stepping 1 microcode 0x8a, cx8, cmov, fxsr, ht, mmx, 3dnowpref, sse, sse2, sse3, ssse3, sse4.1, sse4.2, popcnt, lzcnt, tsc, tscinvbit, avx, avx2, aes, erms, clmul, bmi1, bmi2, adx, avx512f, avx512dq, avx512cd, avx512bw, avx512vl, sha, fma, vzeroupper, avx512_vpopcntdq, avx512_vpclmulqdq, avx512_vaes, avx512_vnni, clflush, clflushopt, clwb, avx512_vbmi2, avx512_vbmi, hv

Memory: 4k page, system-wide physical 16167M (1373M free)
TotalPageFile size 20575M (AvailPageFile size 6M)
current process WorkingSet (physical memory assigned to process): 11M, peak: 11M
current process commit charge ("private bytes"): 315M, peak: 319M

vm_info: OpenJDK 64-Bit Server VM (17.0.6+10) for windows-amd64 JRE (17.0.6+10), built on Jan 18 2023 10:08:59 by "temurin" with MS VC++ 16.7 (VS2019)

END.
